"../../../Engine/Content/EngineMeshes/Humanoid.uasset" 0
"E:/GitHub/TowerDefenseGame/Content/AI/EnemyAI/BatMan/Mesh/ManBat2_Skeleton.uasset" 1
"E:/GitHub/TowerDefenseGame/Content/AI/EnemyAI/BatMan/Animations/CrawlRetarget.uasset" 2
"E:/GitHub/TowerDefenseGame/Content/AI/EnemyAI/BatMan/Animations/CrawlRetarget1.uasset" 3
"E:/GitHub/TowerDefenseGame/Content/AI/EnemyAI/BatMan/Animations/FuckedUpCrawl.uasset" 4
"E:/GitHub/TowerDefenseGame/Content/Materials/NoiseFade/MMNoisyFade.uasset" 5
"E:/GitHub/TowerDefenseGame/Content/Materials/PlainColours/PlainColourMaster.uasset" 6
"E:/GitHub/TowerDefenseGame/Content/AI/EnemyAI/Eagle/Mesh/Eagle_M.uasset" 7
"E:/GitHub/TowerDefenseGame/Content/AI/EnemyAI/HedgehogBear/Mesh/Materials/HHB_BloodMask2.uasset" 8
"E:/GitHub/TowerDefenseGame/Content/AI/EnemyAI/Parasite/Anim/Mixamo/SK_MixamoZombie.uasset" 9
"E:/GitHub/TowerDefenseGame/Content/AI/EnemyAI/Parasite/Anim/Mixamo/MixamoZombie.uasset" 10
"E:/GitHub/TowerDefenseGame/Content/AI/EnemyAI/Parasite/Anim/Mixamo/Zombie_Attack1.uasset" 11
"E:/GitHub/TowerDefenseGame/Content/AI/EnemyAI/Parasite/Anim/Mixamo/Zombie_Attack2.uasset" 12
"E:/GitHub/TowerDefenseGame/Content/Audio/Finn/Laser/Button_if_cooldown.uasset" 13
"E:/GitHub/TowerDefenseGame/Content/Audio/Finn/MG/Mingun_Start_with_rotation.uasset" 14
"E:/GitHub/TowerDefenseGame/Content/Audio/Finn/MG/Minigun_with_rotation.uasset" 15
"E:/GitHub/TowerDefenseGame/Content/Audio/Finn/MG/Rotation.uasset" 16
"E:/GitHub/TowerDefenseGame/Content/Audio/Finn/MG/Rotation_Start.uasset" 17
"E:/GitHub/TowerDefenseGame/Content/Audio/Finn/MG/Mingun_Start_with_rotation_Cue.uasset" 18
"E:/GitHub/TowerDefenseGame/Content/Audio/Finn/MG/Minigun.uasset" 19
"E:/GitHub/TowerDefenseGame/Content/Audio/Finn/MG/Minigun_End.uasset" 20
"E:/GitHub/TowerDefenseGame/Content/Audio/Finn/MG/Minigun_End_with_rotation.uasset" 21
"E:/GitHub/TowerDefenseGame/Content/Audio/Finn/MG/Minigun_Example.uasset" 22
"E:/GitHub/TowerDefenseGame/Content/Audio/Finn/MG/Minigun_Overheat.uasset" 23
"E:/GitHub/TowerDefenseGame/Content/Audio/Finn/MG/Minigun_Start.uasset" 24
"E:/GitHub/TowerDefenseGame/Content/Audio/Finn/MG/Rotation_End.uasset" 25
"E:/GitHub/TowerDefenseGame/Content/Audio/Music/AmbientMusic1.uasset" 26
"E:/GitHub/TowerDefenseGame/Content/Audio/SoundClasses/DialogueSoundClass.uasset" 27
"E:/GitHub/TowerDefenseGame/Content/Audio/SoundClasses/SoundEffectsClass.uasset" 28
"E:/GitHub/TowerDefenseGame/Content/Audio/SoundClasses/MasterSoundClass.uasset" 29
"E:/GitHub/TowerDefenseGame/Content/Audio/SoundClasses/MusicSoundClass.uasset" 30
"E:/GitHub/TowerDefenseGame/Content/Audio/Music/AmbientMusic1_Cue.uasset" 31
"E:/GitHub/TowerDefenseGame/Content/Audio/SoundEffects/MachineGunLoop.uasset" 32
"E:/GitHub/TowerDefenseGame/Content/Audio/SoundEffects/MachineGunLoop_Cue.uasset" 33
"E:/GitHub/TowerDefenseGame/Content/Audio/SoundEffects/MachineGunReload1.uasset" 34
"E:/GitHub/TowerDefenseGame/Content/Audio/SoundEffects/MachineGunReload2.uasset" 35
"E:/GitHub/TowerDefenseGame/Content/Audio/SoundEffects/MachineGun.uasset" 36
"E:/GitHub/TowerDefenseGame/Content/Audio/SoundEffects/MachineGun_Cue.uasset" 37
"E:/GitHub/TowerDefenseGame/Content/Audio/SoundEffects/BowAndArow/ArrowImpact/ArrowThud2.uasset" 38
"E:/GitHub/TowerDefenseGame/Content/Audio/SoundEffects/BowAndArow/ArrowImpact/ArrowThud2_Cue.uasset" 39
"E:/GitHub/TowerDefenseGame/Content/Audio/SoundEffects/BowAndArow/Release/BowRelease.uasset" 40
"E:/GitHub/TowerDefenseGame/Content/Audio/SoundEffects/BowAndArow/Release/BowRelease_Cue.uasset" 41
"E:/GitHub/TowerDefenseGame/Content/Audio/UI/Footsteps/Forest/Forest1-Hard.uasset" 42
"E:/GitHub/TowerDefenseGame/Content/Audio/UI/Footsteps/Forest/Forest2-Hard.uasset" 43
"E:/GitHub/TowerDefenseGame/Content/Audio/UI/Footsteps/Forest/Forest3.uasset" 44
"E:/GitHub/TowerDefenseGame/Content/Audio/UI/Footsteps/Forest/Forest4.uasset" 45
"E:/GitHub/TowerDefenseGame/Content/Audio/UI/Footsteps/Forest/Forest5.uasset" 46
"E:/GitHub/TowerDefenseGame/Content/Audio/UI/Footsteps/Forest/Forest6.uasset" 47
"E:/GitHub/TowerDefenseGame/Content/Audio/UI/Footsteps/Forest/Forest7.uasset" 48
"E:/GitHub/TowerDefenseGame/Content/Audio/UI/Footsteps/Footstep_Cue.uasset" 49
"E:/GitHub/TowerDefenseGame/Content/Audio/UI/Footsteps/Asphalt/Fast/Footsteps__Asphalt__Sneaker__Running_SND0988.uasset" 50
"E:/GitHub/TowerDefenseGame/Content/Audio/UI/Footsteps/Asphalt/Fast/Footsteps__Asphalt__Sneaker__Running_SND0988_1.uasset" 51
"E:/GitHub/TowerDefenseGame/Content/Audio/UI/Footsteps/Asphalt/Fast/Footsteps__Asphalt__Sneaker__Running_SND0988_2.uasset" 52
"E:/GitHub/TowerDefenseGame/Content/Audio/UI/Footsteps/Asphalt/Fast/Footsteps__Asphalt__Sneaker__Running_SND0988_3.uasset" 53
"E:/GitHub/TowerDefenseGame/Content/Audio/UI/Footsteps/Asphalt/Fast/Footsteps__Asphalt__Sneaker__Running_SND0988_4.uasset" 54
"E:/GitHub/TowerDefenseGame/Content/Audio/UI/Footsteps/Asphalt/Fast/Footsteps__Asphalt__Sneaker__Running_SND0988_5.uasset" 55
"E:/GitHub/TowerDefenseGame/Content/Audio/UI/Footsteps/Asphalt/Fast/Footsteps__Asphalt__Sneaker__Running_SND0988_6.uasset" 56
"E:/GitHub/TowerDefenseGame/Content/Audio/UI/Footsteps/Asphalt/Medium/Footsteps__Asphalt__Sneaker__Fast_SND0990.uasset" 57
"E:/GitHub/TowerDefenseGame/Content/Audio/UI/Footsteps/Asphalt/Medium/Footsteps__Asphalt__Sneaker__Fast_SND0990_2.uasset" 58
"E:/GitHub/TowerDefenseGame/Content/Audio/UI/Footsteps/Asphalt/Medium/Footsteps__Asphalt__Sneaker__Fast_SND0990_3.uasset" 59
"E:/GitHub/TowerDefenseGame/Content/Audio/UI/Footsteps/Asphalt/Medium/Footsteps__Asphalt__Sneaker__Fast_SND0990_4.uasset" 60
"E:/GitHub/TowerDefenseGame/Content/Audio/UI/Footsteps/Asphalt/Medium/Footsteps__Asphalt__Sneaker__Fast_SND0990_5.uasset" 61
"E:/GitHub/TowerDefenseGame/Content/Audio/UI/Footsteps/Asphalt/Medium/Footsteps__Asphalt__Sneaker__Fast_SND0990_6.uasset" 62
"E:/GitHub/TowerDefenseGame/Content/Audio/UI/Footsteps/Asphalt/Slow/Footsteps__Asphalt__Sneaker__Slow_SND1005_1.uasset" 63
"E:/GitHub/TowerDefenseGame/Content/Audio/UI/Footsteps/Asphalt/Slow/Footsteps__Asphalt__Sneaker__Slow_SND1005_2.uasset" 64
"E:/GitHub/TowerDefenseGame/Content/Audio/UI/Footsteps/Asphalt/Slow/Footsteps__Asphalt__Sneaker__Slow_SND1005_3.uasset" 65
"E:/GitHub/TowerDefenseGame/Content/Audio/UI/Footsteps/Asphalt/Slow/Footsteps__Asphalt__Sneaker__Slow_SND1005_4.uasset" 66
"E:/GitHub/TowerDefenseGame/Content/Audio/UI/Footsteps/Asphalt/Slow/Footsteps__Asphalt__Sneaker__Slow_SND1005_5.uasset" 67
"E:/GitHub/TowerDefenseGame/Content/Audio/UI/Footsteps/Asphalt/Slow/Footsteps__Asphalt__Sneaker__Slow_SND1005_6.uasset" 68
"E:/GitHub/TowerDefenseGame/Content/Audio/UI/Footsteps/Asphalt/Slow/Footsteps__Asphalt__Sneaker__Slow_SND1005_7.uasset" 69
"E:/GitHub/TowerDefenseGame/Content/Audio/UI/Footsteps/Concrete/Concrete_Pivot_01.uasset" 70
"E:/GitHub/TowerDefenseGame/Content/Audio/UI/Footsteps/Concrete/Concrete_Pivot_02.uasset" 71
"E:/GitHub/TowerDefenseGame/Content/Audio/UI/Footsteps/Concrete/Concrete_Pivot_03.uasset" 72
"E:/GitHub/TowerDefenseGame/Content/Audio/UI/Footsteps/Concrete/Concrete_Run_01.uasset" 73
"E:/GitHub/TowerDefenseGame/Content/Audio/UI/Footsteps/Concrete/Concrete_Run_02.uasset" 74
"E:/GitHub/TowerDefenseGame/Content/Audio/UI/Footsteps/Concrete/Concrete_Run_03.uasset" 75
"E:/GitHub/TowerDefenseGame/Content/Audio/UI/Footsteps/Concrete/Concrete_Run_04.uasset" 76
"E:/GitHub/TowerDefenseGame/Content/Audio/UI/Footsteps/Concrete/Concrete_Step_01.uasset" 77
"E:/GitHub/TowerDefenseGame/Content/Audio/UI/Footsteps/Concrete/Concrete_Step_02.uasset" 78
"E:/GitHub/TowerDefenseGame/Content/Audio/UI/Footsteps/Concrete/Concrete_Step_03.uasset" 79
"E:/GitHub/TowerDefenseGame/Content/Audio/UI/Footsteps/Concrete/Concrete_Walk_01.uasset" 80
"E:/GitHub/TowerDefenseGame/Content/Audio/UI/Footsteps/Concrete/Concrete_Walk_02.uasset" 81
"E:/GitHub/TowerDefenseGame/Content/Audio/UI/Footsteps/Concrete/Concrete_Walk_03.uasset" 82
"E:/GitHub/TowerDefenseGame/Content/Audio/UI/Footsteps/Concrete/Concrete_Walk_04.uasset" 83
"E:/GitHub/TowerDefenseGame/Content/Audio/UI/Footsteps/Concrete/Concrete_Walk_05.uasset" 84
"E:/GitHub/TowerDefenseGame/Content/Materials/StarterContent/Textures/T_Burst_M.uasset" 85
"E:/GitHub/TowerDefenseGame/Content/FX/Materials/M_Burst.uasset" 86
"E:/GitHub/TowerDefenseGame/Content/Materials/StarterContent/Textures/T_Explosion_SubUV.uasset" 87
"E:/GitHub/TowerDefenseGame/Content/FX/Materials/M_explosion_subUV.uasset" 88
"E:/GitHub/TowerDefenseGame/Content/FX/Materials/m_flare_01.uasset" 89
"../../../Engine/Content/Functions/Engine_MaterialFunctions01/Gradient/RadialGradient.uasset" 90
"E:/GitHub/TowerDefenseGame/Content/FX/Materials/M_radial_ramp.uasset" 91
"E:/GitHub/TowerDefenseGame/Content/Materials/StarterContent/Textures/T_Smoke_SubUV.uasset" 92
"E:/GitHub/TowerDefenseGame/Content/Materials/StarterContent/Textures/T_Smoke_Tiled_D.uasset" 93
"E:/GitHub/TowerDefenseGame/Content/FX/Materials/M_smoke_subUV.uasset" 94
"E:/GitHub/TowerDefenseGame/Content/FX/MachineGun/P_MachineGunImpact1.uasset" 95
"E:/GitHub/TowerDefenseGame/Content/FX/Materials/Muzzle_Flash.uasset" 96
"E:/GitHub/TowerDefenseGame/Content/FX/Materials/T_Muzzle_Flash.uasset" 97
"E:/GitHub/TowerDefenseGame/Content/FX/Materials/M_MuzzleFlash.uasset" 98
"E:/GitHub/TowerDefenseGame/Content/FX/MachineGun/P_MuzzleFlash1.uasset" 99
"../../../Engine/Content/Functions/Engine_MaterialFunctions01/WorldPositionOffset/SimpleGrassWind.uasset" 100
"../../../Engine/Content/Functions/Engine_MaterialFunctions02/ObjectLocalToWorldData.uasset" 101
"../../../Engine/Content/Functions/Engine_MaterialFunctions02/Utility/VectorLength.uasset" 102
"../../../Engine/Content/Functions/Engine_MaterialFunctions02/WorldPositionOffset/ObjectScale.uasset" 103
"../../../Engine/Content/Functions/Engine_MaterialFunctions02/PivotPainter/PivotPainter_PerObjectData.uasset" 104
"../../../Engine/Content/Functions/Engine_MaterialFunctions02/WorldPositionOffset/Wind.uasset" 105
"../../../Engine/Content/Functions/Engine_MaterialFunctions02/PivotPainter/PivotPainter_PerObjectFoliageData.uasset" 106
"E:/GitHub/TowerDefenseGame/Content/KiteDemo/Material/WorldCoords-XY.uasset" 107
"E:/GitHub/TowerDefenseGame/Content/Materials/InteractableFoliage/Interact_Col.uasset" 108
"E:/GitHub/TowerDefenseGame/Content/KiteDemo/Environments/Foliage/Ferns/T_Fern_01_D.uasset" 109
"E:/GitHub/TowerDefenseGame/Content/KiteDemo/Environments/Foliage/Ferns/T_Fern_01_N.uasset" 110
"E:/GitHub/TowerDefenseGame/Content/KiteDemo/Environments/Foliage/Ferns/T_Ice_Noise_N.uasset" 111
"E:/GitHub/TowerDefenseGame/Content/KiteDemo/Environments/Foliage/Ferns/T_TilingNoise06_N.uasset" 112
"E:/GitHub/TowerDefenseGame/Content/KiteDemo/Environments/Textures/T_Water_N.uasset" 113
"E:/GitHub/TowerDefenseGame/Content/KiteDemo/Environments/Textures/T_Water_Screen_Noise_Soft2.uasset" 114
"E:/GitHub/TowerDefenseGame/Content/KiteDemo/Environments/Foliage/Ferns/M_Fern_01.uasset" 115
"E:/GitHub/TowerDefenseGame/Content/KiteDemo/Environments/Foliage/Ferns/SM_Fern_01.uasset" 116
"E:/GitHub/TowerDefenseGame/Content/KiteDemo/Environments/Foliage/Ferns/SM_Fern_03.uasset" 117
"../../../Engine/Content/Functions/Engine_MaterialFunctions01/Gradient/LinearGradient.uasset" 118
"../../../Engine/Content/Functions/Engine_MaterialFunctions01/ImageAdjustment/CheapContrast.uasset" 119
"../../../Engine/Content/Functions/Engine_MaterialFunctions01/Opacity/CameraDepthFade.uasset" 120
"../../../Engine/Content/Functions/Engine_MaterialFunctions02/SafeNormalize.uasset" 121
"../../../Engine/Content/Functions/Engine_MaterialFunctions02/Math/CreateThirdOrthogonalVector.uasset" 122
"../../../Engine/Content/Functions/Engine_MaterialFunctions02/Utility/BreakOutFloat3Components.uasset" 123
"../../../Engine/Content/Functions/Engine_MaterialFunctions02/Math/Transform3x3Matrix.uasset" 124
"../../../Engine/Content/Functions/Engine_MaterialFunctions02/Utility/MakeFloat3.uasset" 125
"../../../Engine/Content/Functions/Engine_MaterialFunctions02/Math/TransformNormals_Tangent_to_Vertex.uasset" 126
"../../../Engine/Content/Functions/Engine_MaterialFunctions02/Texturing/HeightLerp.uasset" 127
"../../../Engine/Content/Functions/Engine_MaterialFunctions02/Utility/Swizzle.uasset" 128
"../../../Engine/Content/Functions/MaterialLayerFunctions/MatLayerBlend_Standard.uasset" 129
"E:/GitHub/TowerDefenseGame/Content/KiteDemo/Environments/MaterialFunctions/MaterialWetness_Simple.uasset" 130
"E:/GitHub/TowerDefenseGame/Content/KiteDemo/Environments/MaterialFunctions/WorldCoords-XY.uasset" 131
"E:/GitHub/TowerDefenseGame/Content/KiteDemo/Environments/ParameterCollections/MPC_Terrain.uasset" 132
"E:/GitHub/TowerDefenseGame/Content/KiteDemo/Environments/Landscape/Stamps/T_Land_Variation_02.uasset" 133
"E:/GitHub/TowerDefenseGame/Content/KiteDemo/Environments/Landscape/Textures/SnowMound_01_N.uasset" 134
"E:/GitHub/TowerDefenseGame/Content/KiteDemo/Environments/MaterialLayers/ML_Grass_MacroMasks.uasset" 135
"E:/GitHub/TowerDefenseGame/Content/KiteDemo/Environments/Foliage/Grass/FieldGrass/T_FieldGrass_02_M.uasset" 136
"E:/GitHub/TowerDefenseGame/Content/KiteDemo/Environments/Landscape/Textures/T_FieldGrassTile_01.uasset" 137
"E:/GitHub/TowerDefenseGame/Content/KiteDemo/Environments/Landscape/Textures/T_FieldGrassTile_01_N.uasset" 138
"E:/GitHub/TowerDefenseGame/Content/KiteDemo/Environments/Landscape/Textures/T_GDC_TilingMossGround_02_N.uasset" 139
"E:/GitHub/TowerDefenseGame/Content/Materials/T_ground_Moss_D.uasset" 140
"E:/GitHub/TowerDefenseGame/Content/KiteDemo/Environments/MaterialLayers/ML_MossyGround_01.uasset" 141
"../../../Engine/Content/EngineMaterials/FlatNormal.uasset" 142
"../../../Engine/Content/EngineResources/Black.uasset" 143
"E:/GitHub/TowerDefenseGame/Content/KiteDemo/Environments/Atmospherics/T_Ice_Noise.uasset" 144
"E:/GitHub/TowerDefenseGame/Content/KiteDemo/Environments/Materials/M_Photoscan_Master.uasset" 145
"../../../Engine/Content/Functions/Engine_MaterialFunctions02/TangentBasis.uasset" 146
"E:/GitHub/TowerDefenseGame/Content/KiteDemo/Environments/Materials/M_Photoscan_Master_WorldVar.uasset" 147
"E:/GitHub/TowerDefenseGame/Content/Materials/DevMaterials/T_DEV_Floor_D.uasset" 148
"E:/GitHub/TowerDefenseGame/Content/Materials/DevMaterials/M_Dev_Mockup_Master.uasset" 149
"E:/GitHub/TowerDefenseGame/Content/Materials/DevMaterials/MI_Dev_Mockup_Tower.uasset" 150
"E:/GitHub/TowerDefenseGame/Content/Materials/MyLandscape/MyLandscape/Landscape_test_basti.uasset" 151
"E:/GitHub/TowerDefenseGame/Content/Materials/Occlusion/MyNewOcclusion.uasset" 152
"E:/GitHub/TowerDefenseGame/Content/Materials/Occlusion/MyNewOcclusion_OutlineAndFill.uasset" 153
"E:/GitHub/TowerDefenseGame/Content/Materials/PlainColours/M_CrossbowString.uasset" 154
"E:/GitHub/TowerDefenseGame/Content/Materials/PlainColours/M_WoodBrown_Dark.uasset" 155
"E:/GitHub/TowerDefenseGame/Content/Materials/PlainColours/M_WoodBrown_Light.uasset" 156
"../../../Engine/Content/Functions/Engine_MaterialFunctions02/Texturing/ScreenAlignedPixelToPixelUVs.uasset" 157
"E:/GitHub/TowerDefenseGame/Content/Materials/PostProcess/BuildingOcclusion/PPM_TS_InkAndPaper.uasset" 158
"E:/GitHub/TowerDefenseGame/Content/Materials/PostProcess/Occlusion/MyNewOcclusion.uasset" 159
"E:/GitHub/TowerDefenseGame/Content/Materials/PostProcess/Occlusion/MyNewOcclusion_Inst.uasset" 160
"E:/GitHub/TowerDefenseGame/Content/Materials/StarterContent/Textures/T_MacroVariation.uasset" 161
"E:/GitHub/TowerDefenseGame/Content/Materials/StarterContent/Materials/M_Metal_Brushed_Nickel.uasset" 162
"E:/GitHub/TowerDefenseGame/Content/Materials/TowerMaterials/TowerTest.uasset" 163
"E:/GitHub/TowerDefenseGame/Content/Materials/TowerMaterials/TowerWindowTest.uasset" 164
"E:/GitHub/TowerDefenseGame/Content/Mesh/Basti/Ruins/Meshes/ModularBuilding/Wall.uasset" 165
"E:/GitHub/TowerDefenseGame/Content/Mesh/Basti/Ruins/Meshes/ModularBuilding/Window.uasset" 166
"E:/GitHub/TowerDefenseGame/Content/Mesh/Basti/Ruins/Meshes/ModularBuilding/Wood.uasset" 167
"E:/GitHub/TowerDefenseGame/Content/Mesh/Basti/Ruins/Meshes/ModularBuilding/Modular-City-Parts-1-test_Door_Pillar.uasset" 168
"E:/GitHub/TowerDefenseGame/Content/Mesh/Basti/Ruins/Meshes/ModularBuilding/Modular-City-Parts-1-test_Floorseparator_Bevel_Outward.uasset" 169
"E:/GitHub/TowerDefenseGame/Content/Mesh/Basti/Ruins/Meshes/ModularBuilding/Modular-City-Parts-1-test_Floorseparator_Corner_Bevel_Big.uasset" 170
"E:/GitHub/TowerDefenseGame/Content/Mesh/Basti/Ruins/Meshes/ModularBuilding/Modular-City-Parts-1-test_Floorseparator_Corner_Plain.uasset" 171
"E:/GitHub/TowerDefenseGame/Content/Mesh/Basti/Ruins/Meshes/ModularBuilding/Modular-City-Parts-1-test_Roof_Bevel_Outward.uasset" 172
"E:/GitHub/TowerDefenseGame/Content/Mesh/Basti/Ruins/Meshes/ModularBuilding/Modular-City-Parts-1-test_Roof_Bevel_Outward_001.uasset" 173
"E:/GitHub/TowerDefenseGame/Content/Mesh/Basti/Ruins/Meshes/ModularBuilding/Modular-City-Parts-1-test_Roof_Corner_Bevel_Big.uasset" 174
"E:/GitHub/TowerDefenseGame/Content/Mesh/Basti/Ruins/Meshes/ModularBuilding/Modular-City-Parts-1-test_Roof_Corner_Bevel_Big_2.uasset" 175
"E:/GitHub/TowerDefenseGame/Content/Mesh/Basti/Ruins/Meshes/ModularBuilding/Modular-City-Parts-1-test_Roof_Corner_Bevel_Small_2.uasset" 176
"E:/GitHub/TowerDefenseGame/Content/Mesh/Basti/Ruins/Meshes/ModularBuilding/Modular-City-Parts-1-test_Roof_Corner_Plain.uasset" 177
"E:/GitHub/TowerDefenseGame/Content/Mesh/Basti/Ruins/Meshes/ModularBuilding/Modular-City-Parts-1-test_Roof_Corner_Plain_2.uasset" 178
"E:/GitHub/TowerDefenseGame/Content/Mesh/Basti/Ruins/Meshes/ModularBuilding/Glass.uasset" 179
"E:/GitHub/TowerDefenseGame/Content/Mesh/Basti/Ruins/Meshes/ModularBuilding/Modular-City-Parts-1-test_Roof_Ground_Detail_1.uasset" 180
"E:/GitHub/TowerDefenseGame/Content/Mesh/Basti/Ruins/Meshes/ModularBuilding/Metal.uasset" 181
"E:/GitHub/TowerDefenseGame/Content/Mesh/Basti/Ruins/Meshes/ModularBuilding/Modular-City-Parts-1-test_Roof_Ground_Detail_2.uasset" 182
"E:/GitHub/TowerDefenseGame/Content/Mesh/Basti/Ruins/Meshes/ModularBuilding/Modular-City-Parts-1-test_Roof_Ground_Detail_3.uasset" 183
"E:/GitHub/TowerDefenseGame/Content/Mesh/Basti/Ruins/Meshes/ModularBuilding/Modular-City-Parts-1-test_Roof_Ground_Detail_4.uasset" 184
"E:/GitHub/TowerDefenseGame/Content/Mesh/Basti/Ruins/Meshes/ModularBuilding/Modular-City-Parts-1-test_Roof_Ground_Detail_5.uasset" 185
"E:/GitHub/TowerDefenseGame/Content/Mesh/Basti/Ruins/Meshes/ModularBuilding/Modular-City-Parts-1-test_Roof_Ground_Detail_6.uasset" 186
"E:/GitHub/TowerDefenseGame/Content/Mesh/Basti/Ruins/Meshes/ModularBuilding/Modular-City-Parts-1-test_Roof_Plain.uasset" 187
"E:/GitHub/TowerDefenseGame/Content/Mesh/Basti/Ruins/Meshes/ModularBuilding/Modular-City-Parts-1-test_Roof_Plain_002.uasset" 188
"E:/GitHub/TowerDefenseGame/Content/Mesh/Basti/Ruins/Meshes/ModularBuilding/BottomWall.uasset" 189
"E:/GitHub/TowerDefenseGame/Content/Mesh/Basti/Ruins/Meshes/ModularBuilding/Grout.uasset" 190
"E:/GitHub/TowerDefenseGame/Content/Mesh/Basti/Ruins/Meshes/ModularBuilding/Modular-City-Parts-1-test_Wall_Ground_Corner_Bevel_Big.uasset" 191
"E:/GitHub/TowerDefenseGame/Content/Mesh/Basti/Ruins/Meshes/ModularBuilding/Modular-City-Parts-1-test_Wall_Ground_Corner_Plain.uasset" 192
"E:/GitHub/TowerDefenseGame/Content/Mesh/Environment/Textures/Tree_A_A.uasset" 193
"E:/GitHub/TowerDefenseGame/Content/Mesh/Environment/Textures/Tree_A_C.uasset" 194
"E:/GitHub/TowerDefenseGame/Content/Mesh/Environment/Textures/Tree_A_N.uasset" 195
"E:/GitHub/TowerDefenseGame/Content/Mesh/Eric/Material.uasset" 196
"E:/GitHub/TowerDefenseGame/Content/Mesh/Eric/Material_001.uasset" 197
"E:/GitHub/TowerDefenseGame/Content/Mesh/Eric/Material_002.uasset" 198
"E:/GitHub/TowerDefenseGame/Content/Mesh/Eric/Material_003.uasset" 199
"E:/GitHub/TowerDefenseGame/Content/Mesh/Eric/Material_005.uasset" 200
"E:/GitHub/TowerDefenseGame/Content/Mesh/Eric/Material_006.uasset" 201
"E:/GitHub/TowerDefenseGame/Content/Mesh/Eric/crossbow_PhysicsAsset.uasset" 202
"E:/GitHub/TowerDefenseGame/Content/Mesh/Eric/crossbow_Skeleton.uasset" 203
"E:/GitHub/TowerDefenseGame/Content/Mesh/Eric/crossbow.uasset" 204
"E:/GitHub/TowerDefenseGame/Content/Mesh/Eric/crossbow_Anim_Load_Arrow.uasset" 205
"E:/GitHub/TowerDefenseGame/Content/Mesh/Eric/crossbow_Anim_shoot.uasset" 206
"E:/GitHub/TowerDefenseGame/Content/Mesh/Props/Metal_1.uasset" 207
"E:/GitHub/TowerDefenseGame/Content/Mesh/Props/Metal_2.uasset" 208
"E:/GitHub/TowerDefenseGame/Content/Mesh/Props/enviroment_Cylinder.uasset" 209
"E:/GitHub/TowerDefenseGame/Content/Mesh/Props/Grass_1.uasset" 210
"E:/GitHub/TowerDefenseGame/Content/Mesh/Props/Grass_2.uasset" 211
"E:/GitHub/TowerDefenseGame/Content/Mesh/Props/enviroment_grass_1.uasset" 212
"E:/GitHub/TowerDefenseGame/Content/Mesh/Props/enviroment_grass_1_001.uasset" 213
"E:/GitHub/TowerDefenseGame/Content/Mesh/Props/enviroment_grass_1_002.uasset" 214
"E:/GitHub/TowerDefenseGame/Content/Mesh/Props/enviroment_grass_1_003.uasset" 215
"E:/GitHub/TowerDefenseGame/Content/Mesh/Props/enviroment_grass_1_004.uasset" 216
"E:/GitHub/TowerDefenseGame/Content/Mesh/Props/enviroment_lamp.uasset" 217
"E:/GitHub/TowerDefenseGame/Content/Mesh/Props/enviroment_Plane_001.uasset" 218
"E:/GitHub/TowerDefenseGame/Content/Mesh/Props/enviroment_Plane_003.uasset" 219
"E:/GitHub/TowerDefenseGame/Content/Mesh/Props/enviroment_Plane_004.uasset" 220
"E:/GitHub/TowerDefenseGame/Content/Mesh/Props/enviroment_Plane_005.uasset" 221
"E:/GitHub/TowerDefenseGame/Content/Mesh/Props/Rock1.uasset" 222
"E:/GitHub/TowerDefenseGame/Content/Mesh/Props/Rock2.uasset" 223
"E:/GitHub/TowerDefenseGame/Content/Mesh/Props/enviroment_rock_1.uasset" 224
"E:/GitHub/TowerDefenseGame/Content/Mesh/Props/enviroment_Shield_pole_002.uasset" 225
"E:/GitHub/TowerDefenseGame/Content/Mesh/Props/enviroment_Shield_pole_004.uasset" 226
"E:/GitHub/TowerDefenseGame/Content/Mesh/Props/Tree.uasset" 227
"E:/GitHub/TowerDefenseGame/Content/Mesh/Props/Tree_2.uasset" 228
"E:/GitHub/TowerDefenseGame/Content/Mesh/Props/enviroment_Tree_1.uasset" 229
"E:/GitHub/TowerDefenseGame/Content/Mesh/Props/enviroment_Tree_2.uasset" 230
"E:/GitHub/TowerDefenseGame/Content/Mesh/Props/enviroment_tree_5.uasset" 231
"E:/GitHub/TowerDefenseGame/Content/Mesh/Props/Wheel1.uasset" 232
"E:/GitHub/TowerDefenseGame/Content/Mesh/Props/Wheel2.uasset" 233
"E:/GitHub/TowerDefenseGame/Content/Mesh/Props/enviroment_Wheel.uasset" 234
"E:/GitHub/TowerDefenseGame/Content/Mesh/Weapons/New/CrossBow/SK_CrossBow_Skeleton.uasset" 235
"E:/GitHub/TowerDefenseGame/Content/Mesh/Weapons/New/CrossBow/Reload1.uasset" 236
"E:/GitHub/TowerDefenseGame/Content/Mesh/Weapons/New/CrossBow/SK_CrossBow_Anim_Armature_Armature_Armature_ArmatureAction_Armature_ArmatureAction.uasset" 237
"E:/GitHub/TowerDefenseGame/Content/Mesh/Weapons/New/CrossBow/SK_CrossBow_Skeleton_Sequence.uasset" 238
"E:/GitHub/TowerDefenseGame/Content/Mesh/Weapons/New/MG/SK_MachineGun_Skeleton.uasset" 239
"E:/GitHub/TowerDefenseGame/Content/Mesh/Weapons/New/MG/MachineGun_Start.uasset" 240
"../../../Engine/Content/EngineMaterials/T_Default_Material_Grid_M.uasset" 241
"../../../Engine/Content/EngineMaterials/T_Default_Material_Grid_N.uasset" 242
"../../../Engine/Content/EngineMaterials/WorldGridMaterial.uasset" 243
"E:/GitHub/TowerDefenseGame/Content/Mesh/Weapons/Old/ScopeMockup.uasset" 244
"E:/GitHub/TowerDefenseGame/Content/MRT/Textures/Decals/T_Decal_ArrowLeft.uasset" 245
"E:/GitHub/TowerDefenseGame/Content/MRT/Materials/Decals/M_Decal.uasset" 246
"E:/GitHub/TowerDefenseGame/Content/MRT/Textures/Decals/T_Decal_ArrowStraight.uasset" 247
"E:/GitHub/TowerDefenseGame/Content/MRT/Materials/Decals/M_Decal_ArrowStraight.uasset" 248
"E:/GitHub/TowerDefenseGame/Content/MRT/Textures/Decals/T_Decal_CenterLine.uasset" 249
"E:/GitHub/TowerDefenseGame/Content/MRT/Materials/Decals/M_Decal_CenterLine.uasset" 250
"../../../Engine/Content/EngineMaterials/DefaultDiffuse.uasset" 251
"../../../Engine/Content/Functions/Engine_MaterialFunctions01/Texturing/WorldAlignedTexture.uasset" 252
"E:/GitHub/TowerDefenseGame/Content/MRT/Textures/Connections/4Way/1L/MRT_1_Conn_4Way_Line1.uasset" 253
"E:/GitHub/TowerDefenseGame/Content/MRT/Textures/Connections/4Way/1L/MRT_1_Conn_4Way_Line2.uasset" 254
"E:/GitHub/TowerDefenseGame/Content/MRT/Textures/Connections/4Way/1L/MRT_1_Conn_4Way_Line3.uasset" 255
"E:/GitHub/TowerDefenseGame/Content/MRT/Textures/Connections/4Way/1L/MRT_1_Conn_4Way_Line4.uasset" 256
"E:/GitHub/TowerDefenseGame/Content/MRT/Textures/Road_Base/T_Road_Ambient_Occlusion.uasset" 257
"E:/GitHub/TowerDefenseGame/Content/MRT/Textures/Road_Base/T_Road_Base_Color.uasset" 258
"E:/GitHub/TowerDefenseGame/Content/MRT/Textures/Road_Base/T_Road_Displacement.uasset" 259
"E:/GitHub/TowerDefenseGame/Content/MRT/Textures/Road_Base/T_Road_Roughness.uasset" 260
"E:/GitHub/TowerDefenseGame/Content/MRT/Materials/MRT/Connections/4Way/M_Conn4Way_1L.uasset" 261
"E:/GitHub/TowerDefenseGame/Content/MRT/Materials/MRT/Connections/4Way/M_Conn4Way_1L_Special1.uasset" 262
"E:/GitHub/TowerDefenseGame/Content/MRT/Textures/Road_Lines/MRT_1/MRT_1_LineCenter.uasset" 263
"E:/GitHub/TowerDefenseGame/Content/MRT/Textures/Road_Lines/MRT_1/MRT_1_LineLeft.uasset" 264
"E:/GitHub/TowerDefenseGame/Content/MRT/Textures/Road_Lines/MRT_1/MRT_1_LineRight.uasset" 265
"E:/GitHub/TowerDefenseGame/Content/MRT/Materials/MRT/Roads/Road/M_MRT_1.uasset" 266
"E:/GitHub/TowerDefenseGame/Content/MRT/Materials/MRT/Roads/Road/M_MRT_1_LeftLine_Yellow.uasset" 267
"E:/GitHub/TowerDefenseGame/Content/MRT/Materials/MRT/Roads/Road/M_MRT_1_RIghtLine_Yellow.uasset" 268
"E:/GitHub/TowerDefenseGame/Content/MRT/Textures/Epic/T_MacroVariation.uasset" 269
"E:/GitHub/TowerDefenseGame/Content/MRT/Textures/Epic/T_Metal_Aluminum_D.uasset" 270
"E:/GitHub/TowerDefenseGame/Content/MRT/Textures/Epic/T_Metal_Gold_N.uasset" 271
"E:/GitHub/TowerDefenseGame/Content/MRT/Textures/Epic/T_Perlin_Noise_M.uasset" 272
"E:/GitHub/TowerDefenseGame/Content/MRT/Textures/Road_Base/T_Road_Normal.uasset" 273
"E:/GitHub/TowerDefenseGame/Content/MRT/Textures/Road_Base/T_Road_Specular.uasset" 274
"E:/GitHub/TowerDefenseGame/Content/MRT/Textures/Road_Lines/MRT_1/MRT_1_LineCenter_Cont.uasset" 275
"E:/GitHub/TowerDefenseGame/Content/MRT/Textures/Road_Lines/MRT_2/MRT_2_LineCenter_Cont.uasset" 276
"E:/GitHub/TowerDefenseGame/Content/MRT/Textures/Road_Lines/Version1/T_Road_CenterLines_V1.uasset" 277
"E:/GitHub/TowerDefenseGame/Content/MRT/Textures/Road_Lines/Version1/T_Road_SideLines_V1.uasset" 278
"E:/GitHub/TowerDefenseGame/Content/MRT/Textures/Road_Lines/Version2/T_Road_Line_Center.uasset" 279
"E:/GitHub/TowerDefenseGame/Content/MRT/Textures/Road_Lines/Version2/T_Road_Line_Center_Cont.uasset" 280
"E:/GitHub/TowerDefenseGame/Content/MRT/Textures/Road_Lines/Version2/T_Road_Line_Center_Double.uasset" 281
"E:/GitHub/TowerDefenseGame/Content/MRT/Textures/Road_Lines/Version2/T_Road_Line_Left.uasset" 282
"E:/GitHub/TowerDefenseGame/Content/MRT/Textures/Road_Lines/Version2/T_Road_Line_Right.uasset" 283
"E:/GitHub/TowerDefenseGame/Content/MRT/Textures/Road_Lines/Version3/T_Road_1Lane_LineCenter.uasset" 284
"E:/GitHub/TowerDefenseGame/Content/MRT/Textures/Road_Lines/Version3/T_Road_1Lane_LineCenter_Cont.uasset" 285
"E:/GitHub/TowerDefenseGame/Content/MRT/Textures/Road_Lines/Version3/T_Road_1Lane_LineLeft.uasset" 286
"E:/GitHub/TowerDefenseGame/Content/MRT/Textures/Road_Lines/Version3/T_Road_1Lane_LineRight.uasset" 287
"../../../Engine/Content/EditorBlueprintResources/StandardMacros.uasset" 288
"E:/GitHub/TowerDefenseGame/Content/AI/Enums/AI_State.uasset" 289
"E:/GitHub/TowerDefenseGame/Content/AI/EnemyAI/Behaviour/AI_Blackboard.uasset" 290
"E:/GitHub/TowerDefenseGame/Content/AI/EnemyAI/Behaviour/AI_Behaviour.uasset" 291
"E:/GitHub/TowerDefenseGame/Content/AI/EnemyAI/AI_Master_Controller.uasset" 292
"E:/GitHub/TowerDefenseGame/Content/Game/Save/AudioSettings.uasset" 293
"E:/GitHub/TowerDefenseGame/Content/Widget/MainMenu/EpicScalabilitySettings.uasset" 294
"E:/GitHub/TowerDefenseGame/Content/Game/Save/GraphicsSettings.uasset" 295
"E:/GitHub/TowerDefenseGame/Content/Game/Save/MySaveGameInfo.uasset" 296
"E:/GitHub/TowerDefenseGame/Content/Materials/PostProcess/Gamma/GammaControl.uasset" 297
"E:/GitHub/TowerDefenseGame/Content/PlayerController/PostProcess_BP.uasset" 298
"E:/GitHub/TowerDefenseGame/Content/Widget/CustomFonts/Lato-Regular.uasset" 299
"E:/GitHub/TowerDefenseGame/Content/Widget/CustomFonts/Lato-Regular_Font.uasset" 300
"E:/GitHub/TowerDefenseGame/Content/Audio/UI/Ka-ching.uasset" 301
"E:/GitHub/TowerDefenseGame/Content/Audio/UI/Ka-ching_Cue.uasset" 302
"E:/GitHub/TowerDefenseGame/Content/Widget/MainHud/Images/Scores/HealthBar_Heart.uasset" 303
"E:/GitHub/TowerDefenseGame/Content/Widget/MainHud/Images/Scores/HealthBarEmpty.uasset" 304
"E:/GitHub/TowerDefenseGame/Content/Widget/MainHud/Images/Scores/HealthBarFull.uasset" 305
"E:/GitHub/TowerDefenseGame/Content/Widget/MainHud/Images/Scores/ResourceBox.uasset" 306
"E:/GitHub/TowerDefenseGame/Content/Widget/MainHud/MainHud.uasset" 307
"E:/GitHub/TowerDefenseGame/Content/Audio/SoundClasses/MasterSoundMix.uasset" 308
"E:/GitHub/TowerDefenseGame/Content/Widget/MainMenu/FrameCounter.uasset" 309
"E:/GitHub/TowerDefenseGame/Content/Game/State/TowerDefenseGameState.uasset" 310
"E:/GitHub/TowerDefenseGame/Content/AI/EnemyAI/Eagle/Mesh/Eagle_Skeleton.uasset" 311
"E:/GitHub/TowerDefenseGame/Content/AI/EnemyAI/Eagle/Animations/EagleBS/Eagle_Down.uasset" 312
"E:/GitHub/TowerDefenseGame/Content/AI/EnemyAI/Eagle/Animations/EagleBS/Eagle_Hover.uasset" 313
"E:/GitHub/TowerDefenseGame/Content/AI/EnemyAI/Eagle/Animations/EagleBS/Eagle_Left.uasset" 314
"E:/GitHub/TowerDefenseGame/Content/AI/EnemyAI/Eagle/Animations/EagleBS/Eagle_Right.uasset" 315
"E:/GitHub/TowerDefenseGame/Content/AI/EnemyAI/Eagle/Animations/EagleBS/Eagle_Up.uasset" 316
"E:/GitHub/TowerDefenseGame/Content/AI/EnemyAI/Eagle/Animations/EagleBS/Eagle_Flight_BS.uasset" 317
"E:/GitHub/TowerDefenseGame/Content/AI/EnemyAI/Eagle/Animations/Eagle_AnimBP.uasset" 318
"E:/GitHub/TowerDefenseGame/Content/AI/EnemyAI/Eagle/Animations/Eagle_Attack.uasset" 319
"E:/GitHub/TowerDefenseGame/Content/AI/EnemyAI/Eagle/Animations/Eagle_Attack_Montage.uasset" 320
"E:/GitHub/TowerDefenseGame/Content/AI/EnemyAI/HedgehogBear/Mesh/Materials/HHB_BloodMask1.uasset" 321
"E:/GitHub/TowerDefenseGame/Content/AI/EnemyAI/HedgehogBear/Mesh/Materials/M_BloodMaskMaster.uasset" 322
"E:/GitHub/TowerDefenseGame/Content/AI/EnemyAI/HedgehogBear/Mesh/Materials/M_HHB_BloodMask1.uasset" 323
"E:/GitHub/TowerDefenseGame/Content/AI/EnemyAI/HedgehogBear/Mesh/Materials/M_HHB_BloodMask2.uasset" 324
"E:/GitHub/TowerDefenseGame/Content/TowerBP/PlaceableTowers/GlowMatMster.uasset" 325
"E:/GitHub/TowerDefenseGame/Content/TowerBP/PlaceableTowers/MutantGlowEagle.uasset" 326
"E:/GitHub/TowerDefenseGame/Content/AI/EnemyAI/Eagle/Mesh/Eagle_PhysicsAsset.uasset" 327
"E:/GitHub/TowerDefenseGame/Content/AI/EnemyAI/Eagle/Mesh/Eagle.uasset" 328
"E:/GitHub/TowerDefenseGame/Content/PlayerController/Enums/TowerDirection.uasset" 329
"E:/GitHub/TowerDefenseGame/Content/AI/EnemyAI/NPC_Eagle.uasset" 330
"E:/GitHub/TowerDefenseGame/Content/AI/EnemyAI/HedgehogBear/Mesh/HedgeHogBear_Skeleton.uasset" 331
"E:/GitHub/TowerDefenseGame/Content/AI/EnemyAI/HedgehogBear/Animations/HB_idleAggressive.uasset" 332
"E:/GitHub/TowerDefenseGame/Content/AI/EnemyAI/HedgehogBear/Animations/HB_run.uasset" 333
"E:/GitHub/TowerDefenseGame/Content/AI/EnemyAI/HedgehogBear/Animations/HB_walk.uasset" 334
"E:/GitHub/TowerDefenseGame/Content/AI/EnemyAI/HedgehogBear/Animations/Idle_Walk_Run.uasset" 335
"E:/GitHub/TowerDefenseGame/Content/AI/EnemyAI/HedgehogBear_AnimBP.uasset" 336
"E:/GitHub/TowerDefenseGame/Content/AI/EnemyAI/HedgehogBear/Animations/HB_biteNormal.uasset" 337
"E:/GitHub/TowerDefenseGame/Content/AI/EnemyAI/HedgehogBear/Animations/HB_Attack_Montage.uasset" 338
"E:/GitHub/TowerDefenseGame/Content/AI/EnemyAI/HedgehogBear/Animations/HedgeHog.uasset" 339
"E:/GitHub/TowerDefenseGame/Content/AI/EnemyAI/HedgehogBear/Animations/HedgeHog_Inst.uasset" 340
"E:/GitHub/TowerDefenseGame/Content/AI/EnemyAI/HedgehogBear/Mesh/HedgeHogBear_PhysicsAsset.uasset" 341
"E:/GitHub/TowerDefenseGame/Content/AI/EnemyAI/HedgehogBear/Mesh/HedgeHogBear.uasset" 342
"E:/GitHub/TowerDefenseGame/Content/AI/EnemyAI/NPC_HedgehogBear.uasset" 343
"E:/GitHub/TowerDefenseGame/Content/AI/WaveControl/AI_SpawnPoint.uasset" 344
"E:/GitHub/TowerDefenseGame/Content/Widget/InfoWidget.uasset" 345
"E:/GitHub/TowerDefenseGame/Content/AI/WaveControl/AI_WaveController.uasset" 346
"E:/GitHub/TowerDefenseGame/Content/Materials/StarterContent/Materials/M_Basic_Wall.uasset" 347
"E:/GitHub/TowerDefenseGame/Content/Mesh/Basic/Shape_Sphere.uasset" 348
"E:/GitHub/TowerDefenseGame/Content/PlayerController/CameraPawn.uasset" 349
"E:/GitHub/TowerDefenseGame/Content/Mesh/Weapons/New/CrossBow/Reload.uasset" 350
"E:/GitHub/TowerDefenseGame/Content/Mesh/Weapons/New/CrossBow/Shoot.uasset" 351
"E:/GitHub/TowerDefenseGame/Content/Mesh/Weapons/New/ElectricGun/SK_ElectricityGun_Skeleton.uasset" 352
"E:/GitHub/TowerDefenseGame/Content/Mesh/Weapons/New/ElectricGun/SK_ElectricityGun_Anim.uasset" 353
"E:/GitHub/TowerDefenseGame/Content/Mesh/Weapons/New/MG/MachineGun_Loop.uasset" 354
"E:/GitHub/TowerDefenseGame/Content/PlayerController/CameraShakes/CS_CrossBow.uasset" 355
"E:/GitHub/TowerDefenseGame/Content/PlayerController/CameraShakes/CS_LaserGun.uasset" 356
"E:/GitHub/TowerDefenseGame/Content/PlayerController/CameraShakes/CS_MachineGun.uasset" 357
"E:/GitHub/TowerDefenseGame/Content/PlayerController/CameraShakes/CS_MachineGun2.uasset" 358
"E:/GitHub/TowerDefenseGame/Content/PlayerController/Projectiles/ProjectileMaster.uasset" 359
"E:/GitHub/TowerDefenseGame/Content/Mesh/Props/enviroment_Cylinder_001.uasset" 360
"E:/GitHub/TowerDefenseGame/Content/PlayerController/Projectiles/Arrow.uasset" 361
"E:/GitHub/TowerDefenseGame/Content/Materials/PlainColours/M_MetalGrey.uasset" 362
"E:/GitHub/TowerDefenseGame/Content/Materials/PlainColours/PCM_Grey.uasset" 363
"E:/GitHub/TowerDefenseGame/Content/Mesh/Weapons/New/ElectricGun/M_ElectricGunGlow.uasset" 364
"E:/GitHub/TowerDefenseGame/Content/Mesh/Weapons/New/ElectricGun/M_ElectricGunGlow_Inst.uasset" 365
"../../Plugins/FX/Niagara/Content/DefaultAssets/DefaultRIbbonMaterial.uasset" 366
"../../Plugins/FX/Niagara/Content/DynamicInputs/Multiply/Multiply_VectorByFloat.uasset" 367
"../../Plugins/FX/Niagara/Content/DynamicInputs/ValueFromCurve/FloatFromCurve.uasset" 368
"../../Plugins/FX/Niagara/Content/Functions/DirectionAndLengthSafe.uasset" 369
"../../Plugins/FX/Niagara/Content/Functions/Localspace/ENiagaraCoordinateSpace.uasset" 370
"../../Plugins/FX/Niagara/Content/Functions/Localspace/NF_TransformBase.uasset" 371
"../../Plugins/FX/Niagara/Content/Functions/Localspace/NF_TransformPosition.uasset" 372
"../../Plugins/FX/Niagara/Content/Functions/Localspace/NF_TransformVector.uasset" 373
"../../Plugins/FX/Niagara/Content/Modules/Beams/BeamEmitterSetup.uasset" 374
"../../Plugins/FX/Niagara/Content/Modules/Beams/BeamWidth.uasset" 375
"../../Plugins/FX/Niagara/Content/Functions/NormalizedExecutionIndex.uasset" 376
"../../Plugins/FX/Niagara/Content/Functions/Spline/FindPositionAndTangentOnBezierSpline.uasset" 377
"../../Plugins/FX/Niagara/Content/Modules/Beams/SpawnBeam.uasset" 378
"../../Plugins/FX/Niagara/Content/Functions/Emitter/EmitterChangeState.uasset" 379
"../../Plugins/FX/Niagara/Content/Modules/Emitter/EmitterLifeCycle.uasset" 380
"../../Plugins/FX/Niagara/Content/Modules/Emitter/SpawnBurst_Instantaneous.uasset" 381
"../../Plugins/FX/Niagara/Content/Functions/Localspace/NF_InitialParticlePosition.uasset" 382
"../../Plugins/FX/Niagara/Content/Functions/Rotation/AxisAngleToQuaternion.uasset" 383
"../../Plugins/FX/Niagara/Content/Functions/Rotation/MultiplyQuaternion.uasset" 384
"../../Plugins/FX/Niagara/Content/Functions/Rotation/QuaternionToAxisAngle.uasset" 385
"../../Plugins/FX/Niagara/Content/Modules/Solvers/SolveForcesAndVelocity.uasset" 386
"../../Plugins/FX/Niagara/Content/Modules/Update/Color/Color.uasset" 387
"../../Plugins/FX/Niagara/Content/Modules/Update/Lifetime/UpdateAge.uasset" 388
"E:/GitHub/TowerDefenseGame/Content/Mesh/Weapons/New/ElectricGun/FX/LaserBeam_Emitter.uasset" 389
"../../Plugins/FX/Niagara/Content/Functions/System/SystemChangeState.uasset" 390
"../../Plugins/FX/Niagara/Content/Modules/System/SystemLifeCycle.uasset" 391
"E:/GitHub/TowerDefenseGame/Content/Mesh/Weapons/New/ElectricGun/FX/LaserBeam_System.uasset" 392
"../../Plugins/FX/Niagara/Content/DefaultAssets/DefaultSpriteMaterial.uasset" 393
"../../Plugins/FX/Niagara/Content/DynamicInputs/Angles/NormalizedAngleToDegrees.uasset" 394
"../../Plugins/FX/Niagara/Content/Functions/RandomRange.uasset" 395
"../../Plugins/FX/Niagara/Content/DynamicInputs/UniformRange/UniformRangedFloat.uasset" 396
"../../Plugins/FX/Niagara/Content/DynamicInputs/ValueFromCurve/ColorFromCurve.uasset" 397
"../../Plugins/FX/Niagara/Content/Modules/Emitter/SpawnRate.uasset" 398
"../../Plugins/FX/Niagara/Content/Functions/GaussianRandomFloat.uasset" 399
"../../Plugins/FX/Niagara/Content/Functions/GaussianRandomVector.uasset" 400
"../../Plugins/FX/Niagara/Content/Functions/RandomVector.uasset" 401
"../../Plugins/FX/Niagara/Content/Modules/Spawn/Location/SphereLocation.uasset" 402
"../../Plugins/FX/Niagara/Content/Functions/NormalizeDistanceRange.uasset" 403
"../../Plugins/FX/Niagara/Content/Functions/DistanceBasedFalloff.uasset" 404
"../../Plugins/FX/Niagara/Content/Modules/Spawn/Velocity/AddVelocityFromPoint.uasset" 405
"../../Plugins/FX/Niagara/Content/Modules/Update/Forces/DragForce.uasset" 406
"../../Plugins/FX/Niagara/Content/Modules/Update/Forces/GravityForce.uasset" 407
"../../Plugins/FX/Niagara/Content/Modules/Update/Forces/ENiagaraMassByVolume.uasset" 408
"../../Plugins/FX/Niagara/Content/Modules/Update/Mass/CalculateSizeByMass.uasset" 409
"E:/GitHub/TowerDefenseGame/Content/Mesh/Weapons/New/ElectricGun/FX/LaserCharge_Emitter.uasset" 410
"../../Plugins/FX/Niagara/Content/DynamicInputs/UniformRange/UniformRangedVector.uasset" 411
"../../Plugins/FX/Niagara/Content/Functions/Localspace/NF_TransformOffset.uasset" 412
"../../Plugins/FX/Niagara/Content/Modules/Spawn/Velocity/AddVelocity.uasset" 413
"E:/GitHub/TowerDefenseGame/Content/Mesh/Weapons/New/ElectricGun/FX/LaserCharge_System.uasset" 414
"E:/GitHub/TowerDefenseGame/Content/Audio/Finn/Bow/Crossbow_Reload.uasset" 415
"E:/GitHub/TowerDefenseGame/Content/Audio/Finn/Bow/Crossbow_Reload_Cue.uasset" 416
"E:/GitHub/TowerDefenseGame/Content/Audio/Finn/Bow/Crossbow_shot.uasset" 417
"E:/GitHub/TowerDefenseGame/Content/Audio/Finn/Bow/Crossbow_shot_Cue.uasset" 418
"E:/GitHub/TowerDefenseGame/Content/Audio/Finn/Laser/Laser_Gun_Final.uasset" 419
"E:/GitHub/TowerDefenseGame/Content/Audio/Finn/Laser/Laser_Gun_Final_Cue.uasset" 420
"E:/GitHub/TowerDefenseGame/Content/Audio/MG_End.uasset" 421
"E:/GitHub/TowerDefenseGame/Content/Audio/MG_End_Cue.uasset" 422
"E:/GitHub/TowerDefenseGame/Content/Audio/MG_Loop.uasset" 423
"E:/GitHub/TowerDefenseGame/Content/Audio/MG_Start.uasset" 424
"E:/GitHub/TowerDefenseGame/Content/Audio/MG_Start_Cue.uasset" 425
"E:/GitHub/TowerDefenseGame/Content/Audio/SoundEffects/MachineGunEndFire.uasset" 426
"E:/GitHub/TowerDefenseGame/Content/Audio/SoundEffects/MachineGunEndFire_Cue.uasset" 427
"E:/GitHub/TowerDefenseGame/Content/Audio/SoundEffects/MachineGunLoop2.uasset" 428
"E:/GitHub/TowerDefenseGame/Content/Audio/SoundEffects/MachineGunLoop2_Cue.uasset" 429
"E:/GitHub/TowerDefenseGame/Content/FX/Explosion/P_Explosion.uasset" 430
"E:/GitHub/TowerDefenseGame/Content/FX/MachineGun/P_MachineGunImpact.uasset" 431
"E:/GitHub/TowerDefenseGame/Content/FX/MachineGun/P_MuzzleFlash.uasset" 432
"E:/GitHub/TowerDefenseGame/Content/Mesh/Weapons/New/Base.uasset" 433
"E:/GitHub/TowerDefenseGame/Content/Mesh/Weapons/New/CrossBow/SK_CrossBow.uasset" 434
"E:/GitHub/TowerDefenseGame/Content/Mesh/Weapons/New/ElectricGun/SK_ElectricityGun.uasset" 435
"E:/GitHub/TowerDefenseGame/Content/Mesh/Weapons/New/MG/SK_MG2.uasset" 436
"E:/GitHub/TowerDefenseGame/Content/Mesh/Weapons/New/Mount.uasset" 437
"E:/GitHub/TowerDefenseGame/Content/PlayerController/Enums/WeaponType.uasset" 438
"E:/GitHub/TowerDefenseGame/Content/Widget/GunHud/AimCircle.uasset" 439
"E:/GitHub/TowerDefenseGame/Content/Widget/GunHud/MountedGunWidget.uasset" 440
"E:/GitHub/TowerDefenseGame/Content/Audio/Ambience/Ambience__Forest__Birds__Wind_In_Trees_1_SND0432_1.uasset" 441
"E:/GitHub/TowerDefenseGame/Content/Audio/Ambience/Ambience__Forest__Birds__Wind_In_Trees_1_SND0432_1_Cue.uasset" 442
"E:/GitHub/TowerDefenseGame/Content/Audio/Music/Tower_Defence_Full_Mix.uasset" 443
"E:/GitHub/TowerDefenseGame/Content/Audio/Music/Tower_Defence_Full_Mix_Cue.uasset" 444
"E:/GitHub/TowerDefenseGame/Content/Audio/SoundEffects/Design__Whoosh__Airy__Short_18_SND3623.uasset" 445
"E:/GitHub/TowerDefenseGame/Content/Audio/SoundEffects/LoadGame.uasset" 446
"E:/GitHub/TowerDefenseGame/Content/Audio/SoundEffects/Design__Whoosh__Airy__Short_18_SND3623_1.uasset" 447
"E:/GitHub/TowerDefenseGame/Content/Audio/SoundEffects/SaveGame.uasset" 448
"E:/GitHub/TowerDefenseGame/Content/Audio/UI/Footsteps/Asphalt/Medium/Footsteps__Asphalt__Sneaker__Fast_SND0990_1.uasset" 449
"E:/GitHub/TowerDefenseGame/Content/Audio/UI/Footsteps/Concrete/Concrete_Pivot_04.uasset" 450
"E:/GitHub/TowerDefenseGame/Content/Widget/MainMenu/SaveGameSlot.uasset" 451
"E:/GitHub/TowerDefenseGame/Content/Widget/MainMenu/PauseMenu.uasset" 452
"E:/GitHub/TowerDefenseGame/Content/PlayerController/MountedGunPawn.uasset" 453
"E:/GitHub/TowerDefenseGame/Content/TowerBP/PlaceableTowers/Tower_master.uasset" 454
"E:/GitHub/TowerDefenseGame/Content/TowerBP/PlaceableTowers/TowerGlowInst.uasset" 455
"../../../Engine/Content/BasicShapes/Cube.uasset" 456
"E:/GitHub/TowerDefenseGame/Content/Mesh/Weapons/New/MG/SK_MachineGun.uasset" 457
"E:/GitHub/TowerDefenseGame/Content/TowerBP/PlaceableTowers/Tower_Test.uasset" 458
"E:/GitHub/TowerDefenseGame/Content/TowerBP/Mesh/TowerUpgrade1_Debris02.uasset" 459
"E:/GitHub/TowerDefenseGame/Content/TowerBP/Tower_Master.uasset" 460
"E:/GitHub/TowerDefenseGame/Content/VictorianStreet/Blueprints/EnumeratedLists/e_sidewalks.uasset" 461
"E:/GitHub/TowerDefenseGame/Content/VictorianStreet/Meshes/Static/sm_sidewalk_10deg_a.uasset" 462
"E:/GitHub/TowerDefenseGame/Content/VictorianStreet/Meshes/Static/sm_sidewalk_80_deg_a.uasset" 463
"E:/GitHub/TowerDefenseGame/Content/VictorianStreet/Meshes/Static/sm_sidewalk_80_deg_b.uasset" 464
"E:/GitHub/TowerDefenseGame/Content/VictorianStreet/Meshes/Static/sm_sidewalk_90_deg_a.uasset" 465
"E:/GitHub/TowerDefenseGame/Content/VictorianStreet/Meshes/Static/sm_sidewalk_90_deg_b.uasset" 466
"E:/GitHub/TowerDefenseGame/Content/VictorianStreet/Blueprints/bp_sidewalk_corners.uasset" 467
"E:/GitHub/TowerDefenseGame/Content/VictorianStreet/Blueprints/EnumeratedLists/e_intersections.uasset" 468
"E:/GitHub/TowerDefenseGame/Content/VictorianStreet/Meshes/Static/sm_intersection_10deg_a.uasset" 469
"E:/GitHub/TowerDefenseGame/Content/VictorianStreet/Meshes/Static/sm_intersection_90deg_a.uasset" 470
"E:/GitHub/TowerDefenseGame/Content/VictorianStreet/Meshes/Static/sm_intersection_90deg_b.uasset" 471
"E:/GitHub/TowerDefenseGame/Content/VictorianStreet/Blueprints/bp_street_intersections.uasset" 472
"E:/GitHub/TowerDefenseGame/Content/VictorianStreet/Blueprints/EnumeratedLists/e_street_options.uasset" 473
"E:/GitHub/TowerDefenseGame/Content/VictorianStreet/Meshes/Static/sm_sidewalk_curb_a.uasset" 474
"E:/GitHub/TowerDefenseGame/Content/VictorianStreet/Meshes/Static/sm_sidewalk_curb_a_mirror.uasset" 475
"E:/GitHub/TowerDefenseGame/Content/VictorianStreet/Meshes/Static/sm_street_a.uasset" 476
"E:/GitHub/TowerDefenseGame/Content/VictorianStreet/Meshes/Static/sm_street_trim.uasset" 477
"E:/GitHub/TowerDefenseGame/Content/VictorianStreet/Blueprints/bp_streets_sidewalks_spline.uasset" 478
"E:/GitHub/TowerDefenseGame/Content/VictorianStreet/Blueprints/Streets_MeshType.uasset" 479
"E:/GitHub/TowerDefenseGame/Content/VictorianStreet/StreetData.uasset" 480
"E:/GitHub/TowerDefenseGame/Content/VictorianStreet/RoadInstanceManager.uasset" 481
"E:/GitHub/TowerDefenseGame/Content/Audio/Music/FromEriksDad/BM_BuildUpExample.uasset" 482
"E:/GitHub/TowerDefenseGame/Content/Audio/Music/FromEriksDad/BM_BuildUpExample_Cue.uasset" 483
"E:/GitHub/TowerDefenseGame/Content/Widget/CustomFonts/SaucerBB.uasset" 484
"E:/GitHub/TowerDefenseGame/Content/Widget/CustomFonts/SaucerBB_Font.uasset" 485
"E:/GitHub/TowerDefenseGame/Content/Image/ScrapSpireLogo.uasset" 486
"E:/GitHub/TowerDefenseGame/Content/Widget/MainMenu/TitleScreen.uasset" 487
"E:/GitHub/TowerDefenseGame/Content/PlayerController/CameraPawnController.uasset" 488
"E:/GitHub/TowerDefenseGame/Content/Mesh/Basti/Weapon_Floor.uasset" 489
"E:/GitHub/TowerDefenseGame/Content/Audio/SoundEffects/Explosion01.uasset" 490
"E:/GitHub/TowerDefenseGame/Content/Audio/SoundEffects/Explosion02.uasset" 491
"E:/GitHub/TowerDefenseGame/Content/Audio/SoundEffects/Explosion_Cue.uasset" 492
"E:/GitHub/TowerDefenseGame/Content/Mesh/Basti/BlackMat.uasset" 493
"E:/GitHub/TowerDefenseGame/Content/Mesh/Basti/Concrete.uasset" 494
"E:/GitHub/TowerDefenseGame/Content/Mesh/Basti/Steel.uasset" 495
"E:/GitHub/TowerDefenseGame/Content/Mesh/Basti/Steel_Rust.uasset" 496
"E:/GitHub/TowerDefenseGame/Content/Mesh/Basti/MainTower1_Bottompart.uasset" 497
"E:/GitHub/TowerDefenseGame/Content/Mesh/Basti/MainTower1_Rooftop.uasset" 498
"E:/GitHub/TowerDefenseGame/Content/Mesh/Basti/MainTower1_Satellite_Pivotable.uasset" 499
"E:/GitHub/TowerDefenseGame/Content/Mesh/Basti/MainTower1_Weapon_Floor.uasset" 500
"E:/GitHub/TowerDefenseGame/Content/TowerBP/MainTower/MainTower_BP.uasset" 501
"E:/GitHub/TowerDefenseGame/Content/AI/EnemyAI/AI_Master.uasset" 502
"E:/GitHub/TowerDefenseGame/Content/Mesh/Weapons/Old/Grenade.uasset" 503
"E:/GitHub/TowerDefenseGame/Content/PlayerController/Projectiles/Grenade.uasset" 504
"../../../Engine/Content/EngineMaterials/DefaultMaterial.uasset" 505
"../../../Engine/Content/BasicShapes/Cylinder.uasset" 506
"E:/GitHub/TowerDefenseGame/Content/Audio/SoundEffects/BowAndArow/Draw/BowDrawLong2.uasset" 507
"E:/GitHub/TowerDefenseGame/Content/Audio/SoundEffects/BowAndArow/Draw/BowDrawLong2_Cue.uasset" 508
"E:/GitHub/TowerDefenseGame/Content/Audio/SoundEffects/BowAndArow/Release/BowRelease2.uasset" 509
"E:/GitHub/TowerDefenseGame/Content/Audio/SoundEffects/BowAndArow/Release/BowRelease2_Cue.uasset" 510
"E:/GitHub/TowerDefenseGame/Content/FX/Materials/M_beam_ramp.uasset" 511
"E:/GitHub/TowerDefenseGame/Content/FX/Electrifier/P_electricity_arc.uasset" 512
"E:/GitHub/TowerDefenseGame/Content/Mesh/Basic/Shape_Cube.uasset" 513
"E:/GitHub/TowerDefenseGame/Content/Mesh/Weapons/Old/SM_KA_Val_X.uasset" 514
"E:/GitHub/TowerDefenseGame/Content/PlayerController/MountedGunPawn_Backup.uasset" 515
"E:/GitHub/TowerDefenseGame/Content/PlayerController/Debug/FlyingPawn.uasset" 516
"E:/GitHub/TowerDefenseGame/Content/TowerBP/Mesh/Debris01_01.uasset" 517
"E:/GitHub/TowerDefenseGame/Content/TowerBP/Mesh/Debris02.uasset" 518
"E:/GitHub/TowerDefenseGame/Content/TowerBP/Mesh/Debris02_02.uasset" 519
"E:/GitHub/TowerDefenseGame/Content/TowerBP/Mesh/MainTowerMockup.uasset" 520
"E:/GitHub/TowerDefenseGame/Content/TowerBP/PlaceableTowers/MutantGlowInst.uasset" 521
"E:/GitHub/TowerDefenseGame/Content/Widget/GunHud/CrossBow_3d.uasset" 522
"E:/GitHub/TowerDefenseGame/Content/Widget/GunHud/ElectricGun_3d.uasset" 523
"E:/GitHub/TowerDefenseGame/Content/Widget/GunHud/MachineGun_3d.uasset" 524
"E:/GitHub/TowerDefenseGame/Content/Widget/MainHud/AmmoBox.uasset" 525
"E:/GitHub/TowerDefenseGame/Content/Widget/MainHud/HealthBar.uasset" 526
"E:/GitHub/TowerDefenseGame/Content/Widget/MainHud/GreenBar.uasset" 527
"E:/GitHub/TowerDefenseGame/Content/Widget/MainHud/RedBar.uasset" 528
"E:/GitHub/TowerDefenseGame/Content/Widget/MainHud/YellowBar.uasset" 529
"E:/GitHub/TowerDefenseGame/Content/Widget/MainHud/HealthBar1.uasset" 530
"E:/GitHub/TowerDefenseGame/Content/Widget/MainHud/HealthBars.uasset" 531
"E:/GitHub/TowerDefenseGame/Content/Widget/MainHud/HealthHeart.uasset" 532
"E:/GitHub/TowerDefenseGame/Content/Widget/MainHud/ResourceBox.uasset" 533
"E:/GitHub/TowerDefenseGame/Content/Widget/MainHud/SkullBox.uasset" 534
"E:/GitHub/TowerDefenseGame/Content/Widget/MainHud/Images/GunLogos/CrossBow_2d.uasset" 535
"E:/GitHub/TowerDefenseGame/Content/Widget/MainHud/Images/GunLogos/CrossBow_3d.uasset" 536
"E:/GitHub/TowerDefenseGame/Content/Widget/MainHud/Images/GunLogos/ElectricGun_2d.uasset" 537
"E:/GitHub/TowerDefenseGame/Content/Widget/MainHud/Images/GunLogos/ElectricGun_3d.uasset" 538
"E:/GitHub/TowerDefenseGame/Content/Widget/MainHud/Images/GunLogos/MachineGun_2d.uasset" 539
"E:/GitHub/TowerDefenseGame/Content/Widget/MainHud/Images/GunLogos/MachineGun_3d.uasset" 540
"E:/GitHub/TowerDefenseGame/Content/Widget/MainHud/Images/Scores/AmmoBox.uasset" 541
"E:/GitHub/TowerDefenseGame/Content/Widget/MainHud/Images/Scores/HealthBar.uasset" 542
"E:/GitHub/TowerDefenseGame/Content/Widget/MainHud/Images/Scores/SkullBox.uasset" 543
"E:/GitHub/TowerDefenseGame/Content/Widget/MainHud/Images/Towers/BowTower.uasset" 544
"E:/GitHub/TowerDefenseGame/Content/Widget/MainHud/Images/Towers/ElectricTower.uasset" 545
"E:/GitHub/TowerDefenseGame/Content/Widget/MainHud/Images/Towers/GunTower.uasset" 546
"E:/GitHub/TowerDefenseGame/Content/Widget/UpgradeMenu/BowTower.uasset" 547
"E:/GitHub/TowerDefenseGame/Content/Widget/UpgradeMenu/CrossBow_2d.uasset" 548
"E:/GitHub/TowerDefenseGame/Content/Widget/UpgradeMenu/ElectricGun_2d.uasset" 549
"E:/GitHub/TowerDefenseGame/Content/Widget/UpgradeMenu/ElectricTower.uasset" 550
"E:/GitHub/TowerDefenseGame/Content/Widget/UpgradeMenu/GunTower.uasset" 551
"E:/GitHub/TowerDefenseGame/Content/Widget/UpgradeMenu/MachineGun_2d.uasset" 552
"E:/GitHub/TowerDefenseGame/Content/Materials/Translucent/M_SemiTranslucent.uasset" 553
"E:/GitHub/TowerDefenseGame/Content/WorldBlueprints/M_BuildingColourMaster.uasset" 554
"../../../Engine/Content/BasicShapes/Sphere.uasset" 555
"E:/GitHub/TowerDefenseGame/Content/Mesh/Basti/Ruins/Meshes/ModularBuilding/Modular-City-Parts-1-test_Corner_Bevel_Big.uasset" 556
"E:/GitHub/TowerDefenseGame/Content/Mesh/Basti/Ruins/Meshes/ModularBuilding/Modular-City-Parts-1-test_Corner_Bevel_Small.uasset" 557
"E:/GitHub/TowerDefenseGame/Content/Mesh/Basti/Ruins/Meshes/ModularBuilding/Modular-City-Parts-1-test_Corner_Plain.uasset" 558
"E:/GitHub/TowerDefenseGame/Content/Mesh/Basti/Ruins/Meshes/ModularBuilding/Modular-City-Parts-1-test_Door_Bevel_Inward.uasset" 559
"E:/GitHub/TowerDefenseGame/Content/Mesh/Basti/Ruins/Meshes/ModularBuilding/Modular-City-Parts-1-test_Door_Bevel_Outward.uasset" 560
"E:/GitHub/TowerDefenseGame/Content/Mesh/Basti/Ruins/Meshes/ModularBuilding/Modular-City-Parts-1-test_Door_Plain.uasset" 561
"E:/GitHub/TowerDefenseGame/Content/Mesh/Basti/Ruins/Meshes/ModularBuilding/Modular-City-Parts-1-test_Floorseparator_Corner_Bevel_Small.uasset" 562
"E:/GitHub/TowerDefenseGame/Content/Mesh/Basti/Ruins/Meshes/ModularBuilding/Modular-City-Parts-1-test_Floorseparator_Plain.uasset" 563
"E:/GitHub/TowerDefenseGame/Content/Mesh/Basti/Ruins/Meshes/ModularBuilding/Modular-City-Parts-1-test_Roof_Bevel_Inward_000.uasset" 564
"E:/GitHub/TowerDefenseGame/Content/Mesh/Basti/Ruins/Meshes/ModularBuilding/Modular-City-Parts-1-test_Roof_Bevel_Inward_2.uasset" 565
"E:/GitHub/TowerDefenseGame/Content/Mesh/Basti/Ruins/Meshes/ModularBuilding/Modular-City-Parts-1-test_Roof_Corner_Bevel_Small.uasset" 566
"E:/GitHub/TowerDefenseGame/Content/Mesh/Basti/Ruins/Meshes/ModularBuilding/Modular-City-Parts-1-test_Roof_Ground.uasset" 567
"E:/GitHub/TowerDefenseGame/Content/Mesh/Basti/Ruins/Meshes/ModularBuilding/Modular-City-Parts-1-test_Stairs.uasset" 568
"E:/GitHub/TowerDefenseGame/Content/Mesh/Basti/Ruins/Meshes/ModularBuilding/Modular-City-Parts-1-test_Wall_Bevel_Inward.uasset" 569
"E:/GitHub/TowerDefenseGame/Content/Mesh/Basti/Ruins/Meshes/ModularBuilding/Modular-City-Parts-1-test_Wall_Bevel_Outward.uasset" 570
"E:/GitHub/TowerDefenseGame/Content/Mesh/Basti/Ruins/Meshes/ModularBuilding/Modular-City-Parts-1-test_Wall_Ground_Pain.uasset" 571
"E:/GitHub/TowerDefenseGame/Content/Mesh/Basti/Ruins/Meshes/ModularBuilding/Modular-City-Parts-1-test_Wall_Plain.uasset" 572
"E:/GitHub/TowerDefenseGame/Content/Mesh/Basti/Ruins/Meshes/ModularBuilding/Modular-City-Parts-1-test_Window_Bevel_Inward.uasset" 573
"E:/GitHub/TowerDefenseGame/Content/Mesh/Basti/Ruins/Meshes/ModularBuilding/Modular-City-Parts-1-test_Window_Bevel_Outward.uasset" 574
"E:/GitHub/TowerDefenseGame/Content/Mesh/Basti/Ruins/Meshes/ModularBuilding/Modular-City-Parts-1-test_Window_Plain.uasset" 575
"E:/GitHub/TowerDefenseGame/Content/WorldBlueprints/CornerType.uasset" 576
"E:/GitHub/TowerDefenseGame/Content/WorldBlueprints/WallType.uasset" 577
"E:/GitHub/TowerDefenseGame/Content/WorldBlueprints/WindowOffset.uasset" 578
"E:/GitHub/TowerDefenseGame/Content/WorldBlueprints/Ruin_Master_Backup.uasset" 579
"../../../Engine/Content/ArtTools/RenderToTexture/Meshes/S_1_Unit_Plane.uasset" 580
"../../../Engine/Content/BasicShapes/Cone.uasset" 581
"../../../Engine/Content/BasicShapes/Plane.uasset" 582
"../../../Engine/Content/EditorLandscapeResources/DataLayer.uasset" 583
"../../../Engine/Content/EditorMaterials/GizmoMaterial.uasset" 584
"../../../Engine/Content/EditorMaterials/MAT_Groups_Toggle.uasset" 585
"../../../Engine/Content/EditorMaterials/MAT_Groups_Visibility.uasset" 586
"../../../Engine/Content/EditorMaterials/PreviewShadowIndicator.uasset" 587
"../../../Engine/Content/EditorMaterials/PreviewShadowIndicatorMaterial.uasset" 588
"../../../Engine/Content/EditorMaterials/MatineeGroups/MAT_ColorTrack.uasset" 589
"../../../Engine/Content/EditorMaterials/MatineeGroups/MAT_Groups_Anim.uasset" 590
"../../../Engine/Content/EditorMaterials/MatineeGroups/MAT_Groups_AudioMaster.uasset" 591
"../../../Engine/Content/EditorMaterials/MatineeGroups/MAT_Groups_Director.uasset" 592
"../../../Engine/Content/EditorMaterials/MatineeGroups/MAT_Groups_Event.uasset" 593
"../../../Engine/Content/EditorMaterials/MatineeGroups/MAT_Groups_Fade.uasset" 594
"../../../Engine/Content/EditorMaterials/MatineeGroups/MAT_Groups_Float.uasset" 595
"../../../Engine/Content/EditorMaterials/MatineeGroups/MAT_Groups_Move.uasset" 596
"../../../Engine/Content/EditorMaterials/MatineeGroups/MAT_Groups_Slomo.uasset" 597
"../../../Engine/Content/EditorMaterials/MatineeGroups/MAT_Groups_Sound.uasset" 598
"../../../Engine/Content/EditorMaterials/MatineeGroups/MAT_Groups_Vector.uasset" 599
"../../../Engine/Content/EditorMaterials/ParticleSystems/PSysThumbnail_NoImage.uasset" 600
"../../../Engine/Content/EditorMaterials/ParticleSystems/PSysThumbnail_OOD.uasset" 601
"../../../Engine/Content/EditorMaterials/Camera/CineMat.uasset" 602
"../../../Engine/Content/EditorMaterials/Camera/MI_CineMat_Rig.uasset" 603
"../../../Engine/Content/EditorMeshes/Camera/SM_CraneRig_Arm.uasset" 604
"../../../Engine/Content/EditorMeshes/Camera/SM_CraneRig_Base.uasset" 605
"../../../Engine/Content/EditorMeshes/Camera/SM_CraneRig_Body.uasset" 606
"../../../Engine/Content/EditorMeshes/Camera/SM_CraneRig_Mount.uasset" 607
"../../../Engine/Content/EditorMeshes/Camera/SM_RailRig_Mount.uasset" 608
"../../../Engine/Content/EditorMeshes/Camera/SM_RailRig_Track.uasset" 609
"../../../Engine/Content/EditorResources/BSPVertex.uasset" 610
"../../../Engine/Content/EditorResources/EmptyActor.uasset" 611
"../../../Engine/Content/EditorResources/S_Actor.uasset" 612
"../../../Engine/Content/EditorResources/S_Trigger.uasset" 613
"../../../Engine/Content/EditorResources/LightIcons/S_LightError.uasset" 614
"../../../Engine/Content/EditorResources/SequenceRecorder/Countdown.uasset" 615
"../../../Engine/Content/EditorResources/SequenceRecorder/RecordingIndicator.uasset" 616
"../../../Engine/Content/EditorSounds/Notifications/CompileFailed.uasset" 617
"../../../Engine/Content/EditorSounds/Notifications/CompileFailed_Cue.uasset" 618
"../../../Engine/Content/EditorSounds/Notifications/CompileSuccess.uasset" 619
"../../../Engine/Content/EditorSounds/Notifications/CompileStart_Cue.uasset" 620
"../../../Engine/Content/EditorSounds/Notifications/CompileSuccess_Cue.uasset" 621
"../../../Engine/Content/EngineDamageTypes/DmgTypeBP_Environmental.uasset" 622
"../../../Engine/Content/EngineDebugMaterials/HeatmapGradient.uasset" 623
"../../../Engine/Content/EngineDebugMaterials/BoneWeightMaterial.uasset" 624
"../../../Engine/Content/EngineDebugMaterials/ClothMaterial.uasset" 625
"../../../Engine/Content/EngineDebugMaterials/ClothMaterial_WF.uasset" 626
"../../../Engine/Content/EngineDebugMaterials/DebugEditorMaterial.uasset" 627
"../../../Engine/Content/EngineDebugMaterials/DebugMeshMaterial.uasset" 628
"../../../Engine/Content/EngineDebugMaterials/GeomMaterial.uasset" 629
"../../../Engine/Content/EngineDebugMaterials/M_SimpleTranslucent.uasset" 630
"../../../Engine/Content/EngineFonts/Faces/RobotoBold.uasset" 631
"../../../Engine/Content/EngineFonts/Faces/RobotoBoldItalic.uasset" 632
"../../../Engine/Content/EngineFonts/Faces/RobotoItalic.uasset" 633
"../../../Engine/Content/EngineFonts/Faces/RobotoLight.uasset" 634
"../../../Engine/Content/EngineFonts/Faces/RobotoRegular.uasset" 635
"../../../Engine/Content/EngineFonts/Roboto.uasset" 636
"../../../Engine/Content/EngineFonts/Faces/RobotoTiny.uasset" 637
"../../../Engine/Content/EngineFonts/RobotoTiny.uasset" 638
"../../../Engine/Content/EngineMaterials/BaseFlattenDiffuseMap.uasset" 639
"../../../Engine/Content/EngineMaterials/BaseFlattenEmissiveMap.uasset" 640
"../../../Engine/Content/EngineMaterials/BaseFlattenGrayscaleMap.uasset" 641
"../../../Engine/Content/EngineMaterials/BaseFlattenNormalMap.uasset" 642
"../../../Engine/Content/EngineMaterials/BaseFlattenMaterial.uasset" 643
"../../../Engine/Content/EngineMaterials/DefaultBloomKernel.uasset" 644
"../../../Engine/Content/EngineMaterials/DefaultBokeh.uasset" 645
"../../../Engine/Content/EngineMaterials/DefaultDeferredDecalMaterial.uasset" 646
"../../../Engine/Content/EngineMaterials/DefaultLightFunctionMaterial.uasset" 647
"../../../Engine/Content/Functions/Engine_MaterialFunctions02/Utility/BreakOutFloat2Components.uasset" 648
"../../../Engine/Content/EngineMaterials/DefaultPostProcessMaterial.uasset" 649
"../../../Engine/Content/EngineFonts/RobotoDistanceField.uasset" 650
"../../../Engine/Content/EngineMaterials/DefaultTextMaterialOpaque.uasset" 651
"../../../Engine/Content/EngineMaterials/DefaultWhiteGrid.uasset" 652
"../../../Engine/Content/EngineMaterials/EditorBrushMaterial.uasset" 653
"../../../Engine/Content/EngineMaterials/Good64x64TilingNoiseHighFreq.uasset" 654
"../../../Engine/Content/EngineMaterials/MiniFont.uasset" 655
"../../../Engine/Content/EngineMaterials/InvalidLightmapSettings.uasset" 656
"../../../Engine/Content/EngineMaterials/M_InvalidLightmapSettings.uasset" 657
"../../../Engine/Content/Functions/Engine_MaterialFunctions02/WorldPositionOffset/CameraOffset.uasset" 658
"../../../Engine/Content/EngineMaterials/PhAT_JointLimitMaterial.uasset" 659
"../../../Engine/Content/EngineMaterials/PreintegratedSkinBRDF.uasset" 660
"../../../Engine/Content/EngineMaterials/RemoveSurfaceMaterial.uasset" 661
"../../../Engine/Content/EngineMaterials/WeightMapPlaceholderTexture.uasset" 662
"../../../Engine/Content/EngineResources/WhiteSquareTexture.uasset" 663
"../../../Engine/Content/EngineMaterials/Widget3DPassThrough.uasset" 664
"../../../Engine/Content/EngineMaterials/Widget3DPassThrough_Masked.uasset" 665
"../../../Engine/Content/EngineMaterials/Widget3DPassThrough_Opaque.uasset" 666
"../../../Engine/Content/EngineMaterials/Widget3DPassThrough_Masked_OneSided.uasset" 667
"../../../Engine/Content/EngineMaterials/Widget3DPassThrough_Opaque_OneSided.uasset" 668
"../../../Engine/Content/EngineMaterials/Widget3DPassThrough_Translucent.uasset" 669
"../../../Engine/Content/EngineMaterials/Widget3DPassThrough_Translucent_OneSided.uasset" 670
"../../../Engine/Content/EngineMeshes/Cylinder.uasset" 671
"../../../Engine/Content/EngineMeshes/Sphere.uasset" 672
"../../../Engine/Content/EngineResources/DefaultTexture.uasset" 673
"../../../Engine/Content/EngineResources/DefaultTextureCube.uasset" 674
"../../../Engine/Content/EngineResources/DefaultVolumeTexture2D.uasset" 675
"../../../Engine/Content/EngineResources/DefaultVolumeTexture.uasset" 676
"../../../Engine/Content/EngineResources/GradientTexture0.uasset" 677
"../../../Engine/Content/EngineSounds/Master.uasset" 678
"../../../Engine/Content/Functions/Engine_MaterialFunctions01/Shading/ConvertFromDiffSpec.uasset" 679
"../../../Engine/Content/Functions/Engine_MaterialFunctions01/Shading/PowerToRoughness.uasset" 680
"../../../Engine/Content/Maps/Templates/Thumbnails/Default.uasset" 681
"../../../Engine/Content/Maps/Templates/Thumbnails/VR-Basic.uasset" 682
"../../../Engine/Content/MobileResources/T_MobileControls_texture.uasset" 683
"../../../Engine/Content/MobileResources/T_MobileMenu2.uasset" 684
"../../../Engine/Content/MobileResources/HUD/AnalogHat.uasset" 685
"../../../Engine/Content/MobileResources/HUD/VirtualJoystick_Background.uasset" 686
"../../../Engine/Content/MobileResources/HUD/VirtualJoystick_Thumb.uasset" 687
"../../../Engine/Content/MobileResources/HUD/DefaultVirtualJoysticks.uasset" 688
"../../../Engine/Content/MobileResources/HUD/LeftVirtualJoystickOnly.uasset" 689
"../../../Engine/Content/MobileResources/HUD/MobileHUDButton1_off.uasset" 690
"../../../Engine/Content/MobileResources/HUD/MobileHUDButton1_on.uasset" 691
"../../../Engine/Content/MobileResources/HUD/MobileHUDButton2_off.uasset" 692
"../../../Engine/Content/MobileResources/HUD/MobileHUDButton2_on.uasset" 693
"../../../Engine/Content/MobileResources/HUD/MobileHUDButton3.uasset" 694
"../../../Engine/Content/MobileResources/HUD/MobileHUDButtonFire.uasset" 695
"../../../Engine/Content/MobileResources/HUD/MobileHUDDirectionPad.uasset" 696
"../../../Engine/Content/MobileResources/HUD/MobileHUDDirectionPad2.uasset" 697
"../../../Engine/Content/MobileResources/HUD/MobileHUDDirectionPad3.uasset" 698
"../../../Engine/Content/MobileResources/HUD/MobileHUDDirectionStick.uasset" 699
"../../../Engine/Content/MobileResources/HUD/T_Castle_ThumbstickInner.uasset" 700
"../../../Engine/Content/MobileResources/HUD/T_Castle_ThumbstickOutter.uasset" 701
"../../../Engine/Content/Tutorial/ContentIntroCurve.uasset" 702
"../../../Engine/Content/Tutorial/Basics/TutorialAssets/icon_tab_Levels_40x.uasset" 703
"../../../Engine/Content/Tutorial/BlueprintTutorials/TutorialAssets/Blueprint_64x.uasset" 704
"../../../Engine/Content/Tutorial/Mobile/TutorialAssets/android_Icon.uasset" 705
"../../../Engine/Content/Tutorial/Mobile/TutorialAssets/IOS.uasset" 706
"../../../Engine/Content/VREditor/LaserPointer/VR_LaserPower_01.uasset" 707
"../../../Engine/Content/VREditor/TransformGizmo/TransformGizmoMaterial.uasset" 708
"../../../Engine/Content/VREditor/TransformGizmo/TranslucentTransformGizmoMaterial.uasset" 709
"../../../Engine/Content/VREditor/TransformGizmo/BoundingBoxCorner.uasset" 710
"../../../Engine/Content/VREditor/TransformGizmo/BoundingBoxEdge.uasset" 711
"../../../Engine/Content/VREditor/TransformGizmo/PlaneTranslationHandle.uasset" 712
"../../../Engine/Content/VREditor/TransformGizmo/Main.uasset" 713
"../../../Engine/Content/VREditor/TransformGizmo/Xray.uasset" 714
"../../../Engine/Content/VREditor/TransformGizmo/SM_Sequencer_Key.uasset" 715
"../../../Engine/Content/VREditor/TransformGizmo/SM_Sequencer_Node.uasset" 716
"../../Plugins/2D/Paper2D/Content/PlaceholderTextures/DummySpriteTexture.uasset" 717
"../../Plugins/2D/Paper2D/Content/DummySprite.uasset" 718
"../../Plugins/2D/Paper2D/Content/DefaultPaperTerrainMaterial.uasset" 719
"../../Plugins/2D/Paper2D/Content/DefaultSpriteMaterial.uasset" 720
"../../Plugins/2D/Paper2D/Content/MaskedUnlitSpriteMaterial.uasset" 721
"../../Plugins/2D/Paper2D/Content/OpaqueUnlitSpriteMaterial.uasset" 722
"../../Plugins/FX/Niagara/Content/DynamicInputs/Bool/ENiagaraBooleanLogicOps.uasset" 723
"../../Plugins/FX/Niagara/Content/Functions/Localspace/ENiagaraOrientationAxis.uasset" 724
"../../Plugins/Runtime/Oculus/OculusVR/Content/Materials/PokeAHoleMaterial.uasset" 725
"../../Plugins/Runtime/Oculus/OculusVR/Content/Textures/GearVRController_AO.uasset" 726
"../../Plugins/Runtime/Oculus/OculusVR/Content/Textures/GearVRController_Color.uasset" 727
"../../Plugins/Runtime/Oculus/OculusVR/Content/Textures/GearVRController_Normal.uasset" 728
"../../Plugins/Runtime/Oculus/OculusVR/Content/Materials/GearVRControllerMaterial.uasset" 729
"../../Plugins/Runtime/Oculus/OculusVR/Content/Meshes/GearVrController.uasset" 730
"../../Plugins/Runtime/Oculus/OculusVR/Content/Textures/touchController_albedo.uasset" 731
"../../Plugins/Runtime/Oculus/OculusVR/Content/Textures/touchController_controlmap.uasset" 732
"../../Plugins/Runtime/Oculus/OculusVR/Content/Materials/touchController_mat.uasset" 733
"../../Plugins/Runtime/Oculus/OculusVR/Content/Meshes/LeftTouchController.uasset" 734
"../../Plugins/Runtime/Oculus/OculusVR/Content/Meshes/RiftHMD.uasset" 735
"../../Plugins/Runtime/Oculus/OculusVR/Content/Meshes/RightTouchController.uasset" 736
"E:/GitHub/TowerDefenseGame/Content/Game/Mode/TowerDefenseGameMode.uasset" 737
"E:/GitHub/TowerDefenseGame/Content/Materials/PostProcess/BuildingOcclusion/MF_TS_CustomDepthMask.uasset" 738
"E:/GitHub/TowerDefenseGame/Content/Materials/PostProcess/Occlusion/PPM_TS_InkAndPaper_CustomDepth.uasset" 739
"E:/GitHub/TowerDefenseGame/Content/Materials/PostProcess/Occlusion/NewOutline.uasset" 740
"../../../Engine/Content/EngineMaterials/DefaultPhysicalMaterial.uasset" 741
"E:/GitHub/TowerDefenseGame/Content/AI/EnemyAI/BatMan/Mesh/BatMan_M.uasset" 742
"E:/GitHub/TowerDefenseGame/Content/AI/EnemyAI/BatMan/Mesh/ManBat2_PhysicsAsset.uasset" 743
"E:/GitHub/TowerDefenseGame/Content/AI/EnemyAI/BatMan/Mesh/ManBat2.uasset" 744
"E:/GitHub/TowerDefenseGame/Content/Maps/AI_Mechanics.umap" 745
"E:/GitHub/TowerDefenseGame/Content/UltraDynamicSky/Materials/Moon_Intensity.uasset" 746
"E:/GitHub/TowerDefenseGame/Content/UltraDynamicSky/Materials/Moon_Position.uasset" 747
"E:/GitHub/TowerDefenseGame/Content/UltraDynamicSky/Materials/Night_Filter.uasset" 748
"E:/GitHub/TowerDefenseGame/Content/UltraDynamicSky/Materials/Shine_Intensity.uasset" 749
"E:/GitHub/TowerDefenseGame/Content/UltraDynamicSky/Materials/Stars_Intensity.uasset" 750
"E:/GitHub/TowerDefenseGame/Content/UltraDynamicSky/Materials/Sun_Highlight_Radius.uasset" 751
"E:/GitHub/TowerDefenseGame/Content/UltraDynamicSky/Materials/Color_Curves/01/Cloud_Dark_Color_01.uasset" 752
"E:/GitHub/TowerDefenseGame/Content/UltraDynamicSky/Materials/Color_Curves/01/Cloud_Light_Color_01.uasset" 753
"E:/GitHub/TowerDefenseGame/Content/UltraDynamicSky/Materials/Color_Curves/01/Horizon_Base_Color_01.uasset" 754
"E:/GitHub/TowerDefenseGame/Content/UltraDynamicSky/Materials/Color_Curves/01/Sun_Color_01.uasset" 755
"E:/GitHub/TowerDefenseGame/Content/UltraDynamicSky/Materials/Color_Curves/01/Zenith_Base_Color_01.uasset" 756
"E:/GitHub/TowerDefenseGame/Content/UltraDynamicSky/Materials/Color_Curves/02/Cloud_Dark_Color_2.uasset" 757
"E:/GitHub/TowerDefenseGame/Content/UltraDynamicSky/Materials/Color_Curves/02/Cloud_Light_Color_2.uasset" 758
"E:/GitHub/TowerDefenseGame/Content/UltraDynamicSky/Materials/Color_Curves/02/Horizon_Base_Color_2.uasset" 759
"E:/GitHub/TowerDefenseGame/Content/UltraDynamicSky/Materials/Color_Curves/02/Sun_Color_2.uasset" 760
"E:/GitHub/TowerDefenseGame/Content/UltraDynamicSky/Materials/Color_Curves/02/Zenith_Base_Color_2.uasset" 761
"E:/GitHub/TowerDefenseGame/Content/UltraDynamicSky/Materials/Color_Curves/03/Cloud_Dark_Color_3.uasset" 762
"E:/GitHub/TowerDefenseGame/Content/UltraDynamicSky/Materials/Color_Curves/03/Cloud_Light_Color_3.uasset" 763
"E:/GitHub/TowerDefenseGame/Content/UltraDynamicSky/Materials/Color_Curves/03/Horizon_Base_Color_3.uasset" 764
"E:/GitHub/TowerDefenseGame/Content/UltraDynamicSky/Materials/Color_Curves/03/Sun_Color_3.uasset" 765
"E:/GitHub/TowerDefenseGame/Content/UltraDynamicSky/Materials/Color_Curves/03/Zenith_Base_Color_3.uasset" 766
"E:/GitHub/TowerDefenseGame/Content/UltraDynamicSky/Materials/Color_Curves/04/Cloud_Dark_Color_4.uasset" 767
"E:/GitHub/TowerDefenseGame/Content/UltraDynamicSky/Materials/Color_Curves/04/Cloud_Light_Color_4.uasset" 768
"E:/GitHub/TowerDefenseGame/Content/UltraDynamicSky/Materials/Color_Curves/04/Horizon_Base_Color_4.uasset" 769
"E:/GitHub/TowerDefenseGame/Content/UltraDynamicSky/Materials/Color_Curves/04/Sun_Color_4.uasset" 770
"E:/GitHub/TowerDefenseGame/Content/UltraDynamicSky/Materials/Color_Curves/04/Zenith_Base_Color_4.uasset" 771
"E:/GitHub/TowerDefenseGame/Content/UltraDynamicSky/Materials/Sun_Cloudy_Color.uasset" 772
"../../../Engine/Content/Functions/Engine_MaterialFunctions01/Density/ExponentialDensity.uasset" 773
"../../../Engine/Content/Functions/Engine_MaterialFunctions01/Gradient/RadialGradientExponential.uasset" 774
"../../../Engine/Content/Functions/Engine_MaterialFunctions02/Math/TimeWithSpeedVariable.uasset" 775
"../../../Engine/Content/Functions/Engine_MaterialFunctions02/Texturing/CustomRotator.uasset" 776
"E:/GitHub/TowerDefenseGame/Content/UltraDynamicSky/Materials/Filter_Clouds.uasset" 777
"E:/GitHub/TowerDefenseGame/Content/UltraDynamicSky/Textures/clouds_classic.uasset" 778
"E:/GitHub/TowerDefenseGame/Content/UltraDynamicSky/Materials/Cloud_Shadows.uasset" 779
"../../../Engine/Content/Functions/Engine_MaterialFunctions03/Texturing/SubUV_Function.uasset" 780
"E:/GitHub/TowerDefenseGame/Content/UltraDynamicSky/Textures/wisps+stars+moonsprites.uasset" 781
"E:/GitHub/TowerDefenseGame/Content/UltraDynamicSky/Materials/moon_material.uasset" 782
"../../../Engine/Content/Functions/Engine_MaterialFunctions01/Texturing/ScaleUVsByCenter.uasset" 783
"../../../Engine/Content/Functions/Engine_MaterialFunctions01/Vectors/RotateVector.uasset" 784
"E:/GitHub/TowerDefenseGame/Content/UltraDynamicSky/Textures/aurora_gradient.uasset" 785
"E:/GitHub/TowerDefenseGame/Content/UltraDynamicSky/Textures/blur_clouds.uasset" 786
"E:/GitHub/TowerDefenseGame/Content/UltraDynamicSky/Textures/radio.uasset" 787
"E:/GitHub/TowerDefenseGame/Content/UltraDynamicSky/Materials/Aurora.uasset" 788
"E:/GitHub/TowerDefenseGame/Content/UltraDynamicSky/Materials/Cloud_Layer.uasset" 789
"E:/GitHub/TowerDefenseGame/Content/UltraDynamicSky/Materials/Moon.uasset" 790
"E:/GitHub/TowerDefenseGame/Content/UltraDynamicSky/Materials/Scale_Radial_Gradient_Around_White.uasset" 791
"E:/GitHub/TowerDefenseGame/Content/UltraDynamicSky/Materials/Ultra_Dynamic_Sky_Mat.uasset" 792
"E:/GitHub/TowerDefenseGame/Content/UltraDynamicSky/Materials/Ultra_Dynamic_Sky_Mat_no_auroras.uasset" 793
"E:/GitHub/TowerDefenseGame/Content/UltraDynamicSky/Materials/Ultra_Dynamic_Sky_Mat_no_auroras_onecloudlayer.uasset" 794
"E:/GitHub/TowerDefenseGame/Content/UltraDynamicSky/Materials/Ultra_Dynamic_Sky_Mat_onecloudlayer.uasset" 795
"E:/GitHub/TowerDefenseGame/Content/UltraDynamicSky/Meshes/moon_plane.uasset" 796
"E:/GitHub/TowerDefenseGame/Content/UltraDynamicSky/Meshes/Ultra_Dynamic_Sky_Sphere.uasset" 797
"E:/GitHub/TowerDefenseGame/Content/UltraDynamicSky/Textures/clouds_voronoi.uasset" 798
"E:/GitHub/TowerDefenseGame/Content/UltraDynamicSky/Textures/flat.uasset" 799
"E:/GitHub/TowerDefenseGame/Content/UltraDynamicSky/Blueprints/Ultra_Dynamic_Sky_BP.uasset" 800
"E:/GitHub/TowerDefenseGame/Content/MRT/Blueprints/BP_Road_Conn_Parent.uasset" 801
"E:/GitHub/TowerDefenseGame/Content/MRT/Textures/Connections/3Way/1L/MRT_1_Conn_3Way_Line1.uasset" 802
"E:/GitHub/TowerDefenseGame/Content/MRT/Textures/Connections/3Way/1L/MRT_1_Conn_3Way_Line2.uasset" 803
"E:/GitHub/TowerDefenseGame/Content/MRT/Textures/Connections/3Way/1L/MRT_1_Conn_3Way_Line3.uasset" 804
"E:/GitHub/TowerDefenseGame/Content/MRT/Materials/MRT/Connections/3Way/M_Conn3Way_1L.uasset" 805
"E:/GitHub/TowerDefenseGame/Content/MRT/Materials/MRT/Connections/3Way/M_Conn3Way_1L_Standard.uasset" 806
"E:/GitHub/TowerDefenseGame/Content/MRT/Textures/Connections/3Way/2L/MRT_2_Conn_3Way_Line1.uasset" 807
"E:/GitHub/TowerDefenseGame/Content/MRT/Textures/Connections/3Way/2L/MRT_2_Conn_3Way_Line2.uasset" 808
"E:/GitHub/TowerDefenseGame/Content/MRT/Textures/Connections/3Way/2L/MRT_2_Conn_3Way_Line3.uasset" 809
"E:/GitHub/TowerDefenseGame/Content/MRT/Materials/MRT/Connections/3Way/M_Conn3Way_2L.uasset" 810
"E:/GitHub/TowerDefenseGame/Content/MRT/Materials/MRT/Connections/3Way/M_Conn3Way_2L_Standard.uasset" 811
"E:/GitHub/TowerDefenseGame/Content/MRT/Textures/Epic/T_Concrete_Panels_D.uasset" 812
"E:/GitHub/TowerDefenseGame/Content/MRT/Textures/Epic/T_Concrete_Panels_N.uasset" 813
"E:/GitHub/TowerDefenseGame/Content/MRT/Materials/MRT/Roads/Rails/M_Concrete_Panels.uasset" 814
"E:/GitHub/TowerDefenseGame/Content/MRT/Materials/MRT/Roads/Rails/M_Concrete_Panels_Standard.uasset" 815
"E:/GitHub/TowerDefenseGame/Content/MRT/Textures/T_Road_Noise.uasset" 816
"E:/GitHub/TowerDefenseGame/Content/MRT/Materials/MRT/Roads/SideWalk/M_RoadSide.uasset" 817
"E:/GitHub/TowerDefenseGame/Content/MRT/Materials/MRT/Roads/SideWalk/M_RoadSide_Standard.uasset" 818
"E:/GitHub/TowerDefenseGame/Content/MRT/Blueprints/Enums/BP_Enum_Conn_3Way_Sockets.uasset" 819
"E:/GitHub/TowerDefenseGame/Content/MRT/Blueprints/Enums/BP_Enum_RoadLanes.uasset" 820
"E:/GitHub/TowerDefenseGame/Content/MRT/Meshes/Connectors/1Lane/3Way/MRT_1_Conn_3Way.uasset" 821
"E:/GitHub/TowerDefenseGame/Content/MRT/Meshes/Connectors/1Lane/3Way/MRT_1_Conn_3Way_Rail.uasset" 822
"E:/GitHub/TowerDefenseGame/Content/MRT/Meshes/Connectors/1Lane/3Way/MRT_1_Conn_3Way_SW1.uasset" 823
"E:/GitHub/TowerDefenseGame/Content/MRT/Meshes/Connectors/1Lane/3Way/MRT_1_Conn_3Way_SW2.uasset" 824
"E:/GitHub/TowerDefenseGame/Content/MRT/Meshes/Connectors/1Lane/3Way/MRT_1_Conn_3Way_SW3.uasset" 825
"E:/GitHub/TowerDefenseGame/Content/MRT/Meshes/Connectors/2Lanes/3Way/MRT_2_Conn_3Way.uasset" 826
"E:/GitHub/TowerDefenseGame/Content/MRT/Meshes/Connectors/2Lanes/3Way/MRT_2_Conn_3Way_Rail.uasset" 827
"E:/GitHub/TowerDefenseGame/Content/MRT/Meshes/Connectors/2Lanes/3Way/MRT_2_Conn_3Way_SW1.uasset" 828
"E:/GitHub/TowerDefenseGame/Content/MRT/Meshes/Connectors/2Lanes/3Way/MRT_2_Conn_3Way_SW2.uasset" 829
"E:/GitHub/TowerDefenseGame/Content/MRT/Meshes/Connectors/2Lanes/3Way/MRT_2_Conn_3Way_SW3.uasset" 830
"E:/GitHub/TowerDefenseGame/Content/MRT/Blueprints/BP_RoadConn_3Way.uasset" 831
"E:/GitHub/TowerDefenseGame/Content/MRT/Materials/MRT/Connections/4Way/M_Conn4Way_1L_Standard.uasset" 832
"E:/GitHub/TowerDefenseGame/Content/MRT/Textures/Connections/4Way/2L/MRT_2_Conn_4Way_Line1.uasset" 833
"E:/GitHub/TowerDefenseGame/Content/MRT/Textures/Connections/4Way/2L/MRT_2_Conn_4Way_Line2.uasset" 834
"E:/GitHub/TowerDefenseGame/Content/MRT/Textures/Connections/4Way/2L/MRT_2_Conn_4Way_Line3.uasset" 835
"E:/GitHub/TowerDefenseGame/Content/MRT/Textures/Connections/4Way/2L/MRT_2_Conn_4Way_Line4.uasset" 836
"E:/GitHub/TowerDefenseGame/Content/MRT/Materials/MRT/Connections/4Way/M_Conn4Way_2L.uasset" 837
"E:/GitHub/TowerDefenseGame/Content/MRT/Materials/MRT/Connections/4Way/M_Conn4Way_2L_Standard.uasset" 838
"E:/GitHub/TowerDefenseGame/Content/MRT/Blueprints/Enums/BP_Enum_Conn_4Way_Sockets.uasset" 839
"E:/GitHub/TowerDefenseGame/Content/MRT/Meshes/Connectors/1Lane/4Way/MRT_1_Conn_4Way.uasset" 840
"E:/GitHub/TowerDefenseGame/Content/MRT/Meshes/Connectors/1Lane/4Way/MRT_1_Conn_4Way_SW1.uasset" 841
"E:/GitHub/TowerDefenseGame/Content/MRT/Meshes/Connectors/1Lane/4Way/MRT_1_Conn_4Way_SW2.uasset" 842
"E:/GitHub/TowerDefenseGame/Content/MRT/Meshes/Connectors/1Lane/4Way/MRT_1_Conn_4Way_SW3.uasset" 843
"E:/GitHub/TowerDefenseGame/Content/MRT/Meshes/Connectors/1Lane/4Way/MRT_1_Conn_4Way_SW4.uasset" 844
"E:/GitHub/TowerDefenseGame/Content/MRT/Meshes/Connectors/2Lanes/4Way/MRT_2_Conn_4Way.uasset" 845
"E:/GitHub/TowerDefenseGame/Content/MRT/Meshes/Connectors/2Lanes/4Way/MRT_2_Conn_4Way_SW1.uasset" 846
"E:/GitHub/TowerDefenseGame/Content/MRT/Meshes/Connectors/2Lanes/4Way/MRT_2_Conn_4Way_SW2.uasset" 847
"E:/GitHub/TowerDefenseGame/Content/MRT/Meshes/Connectors/2Lanes/4Way/MRT_2_Conn_4Way_SW3.uasset" 848
"E:/GitHub/TowerDefenseGame/Content/MRT/Meshes/Connectors/2Lanes/4Way/MRT_2_Conn_4Way_SW4.uasset" 849
"E:/GitHub/TowerDefenseGame/Content/MRT/Blueprints/BP_RoadConn_4Way.uasset" 850
"E:/GitHub/TowerDefenseGame/Content/MRT/Blueprints/Structs/BP_Struct_RoadProperties.uasset" 851
"E:/GitHub/TowerDefenseGame/Content/MRT/Materials/MRT/Roads/LightPole/M_LightPole_Body.uasset" 852
"E:/GitHub/TowerDefenseGame/Content/MRT/Materials/MRT/Roads/LightPole/M_LightPole_Body_Standard.uasset" 853
"E:/GitHub/TowerDefenseGame/Content/MRT/Materials/MRT/Roads/LightPole/M_LightPole_Light.uasset" 854
"E:/GitHub/TowerDefenseGame/Content/MRT/Materials/MRT/Roads/LightPole/M_LightPole_Light_Standard.uasset" 855
"E:/GitHub/TowerDefenseGame/Content/MRT/Materials/MRT/Roads/Road/M_MRT_1_Standard.uasset" 856
"E:/GitHub/TowerDefenseGame/Content/MRT/Textures/Road_Lines/MRT_2/MRT_2_LineCenter.uasset" 857
"E:/GitHub/TowerDefenseGame/Content/MRT/Textures/Road_Lines/MRT_2/MRT_2_LineLeft.uasset" 858
"E:/GitHub/TowerDefenseGame/Content/MRT/Textures/Road_Lines/MRT_2/MRT_2_LineRight.uasset" 859
"E:/GitHub/TowerDefenseGame/Content/MRT/Materials/MRT/Roads/Road/M_MRT_2.uasset" 860
"E:/GitHub/TowerDefenseGame/Content/MRT/Materials/MRT/Roads/Road/M_MRT_2Standard.uasset" 861
"E:/GitHub/TowerDefenseGame/Content/MRT/Blueprints/Enums/BP_Enum_Conn_Types.uasset" 862
"E:/GitHub/TowerDefenseGame/Content/MRT/Meshes/RoadMeshes/LightPoles/MRT_1_LightPole_L.uasset" 863
"E:/GitHub/TowerDefenseGame/Content/MRT/Meshes/RoadMeshes/LightPoles/MRT_1_LightPole_R.uasset" 864
"E:/GitHub/TowerDefenseGame/Content/MRT/Meshes/RoadMeshes/LightPoles/MRT_2_LightPole_L.uasset" 865
"E:/GitHub/TowerDefenseGame/Content/MRT/Meshes/RoadMeshes/LightPoles/MRT_2_LightPole_R.uasset" 866
"E:/GitHub/TowerDefenseGame/Content/MRT/Meshes/RoadMeshes/Pavement/MRT_1_Lane_Road.uasset" 867
"E:/GitHub/TowerDefenseGame/Content/MRT/Meshes/RoadMeshes/Pavement/MRT_2_Lane_Road.uasset" 868
"E:/GitHub/TowerDefenseGame/Content/MRT/Meshes/RoadMeshes/Rails/MRT_1_Lane_RL.uasset" 869
"E:/GitHub/TowerDefenseGame/Content/MRT/Meshes/RoadMeshes/Rails/MRT_1_Lane_RR.uasset" 870
"E:/GitHub/TowerDefenseGame/Content/MRT/Meshes/RoadMeshes/Rails/MRT_2_Lane_RL.uasset" 871
"E:/GitHub/TowerDefenseGame/Content/MRT/Meshes/RoadMeshes/Rails/MRT_2_Lane_RR.uasset" 872
"E:/GitHub/TowerDefenseGame/Content/MRT/Meshes/RoadMeshes/SideWalk/MRT_1_Lane_SWL.uasset" 873
"E:/GitHub/TowerDefenseGame/Content/MRT/Meshes/RoadMeshes/SideWalk/MRT_1_Lane_SWR.uasset" 874
"E:/GitHub/TowerDefenseGame/Content/MRT/Meshes/RoadMeshes/SideWalk/MRT_2_Lane_SWL.uasset" 875
"E:/GitHub/TowerDefenseGame/Content/MRT/Meshes/RoadMeshes/SideWalk/MRT_2_Lane_SWR.uasset" 876
"E:/GitHub/TowerDefenseGame/Content/MRT/Meshes/RoadMeshes/Support/Road_OneWay_1_Sup_Base.uasset" 877
"E:/GitHub/TowerDefenseGame/Content/MRT/Meshes/RoadMeshes/Support/Road_OneWay_1_Sup_Col.uasset" 878
"E:/GitHub/TowerDefenseGame/Content/MRT/Blueprints/BP_ModularRoadTool.uasset" 879
"E:/GitHub/TowerDefenseGame/Content/WorldBlueprints/Ruin_Master_MK3.uasset" 880
"E:/GitHub/TowerDefenseGame/Content/Maps/EnvironmentTest_sharedassets/Dirt_01_LayerInfo.uasset" 881
"E:/GitHub/TowerDefenseGame/Content/Maps/EnvironmentTest_sharedassets/Dirt_02_LayerInfo.uasset" 882
"E:/GitHub/TowerDefenseGame/Content/Maps/EnvironmentTest_sharedassets/Grass_01_LayerInfo.uasset" 883
"E:/GitHub/TowerDefenseGame/Content/Maps/EnvironmentTest_sharedassets/Grass_02_LayerInfo.uasset" 884
"E:/GitHub/TowerDefenseGame/Content/Maps/EnvironmentTest_sharedassets/Rock_LayerInfo.uasset" 885
"../../../Engine/Content/Functions/Engine_MaterialFunctions01/AlphaBlend/WorldAlignedBlend.uasset" 886
"../../../Engine/Content/Functions/Engine_MaterialFunctions02/Fresnel_Function.uasset" 887
"../../../Engine/Content/Functions/Engine_MaterialFunctions03/Particles/Distance_Blend.uasset" 888
"E:/GitHub/TowerDefenseGame/Content/Environment/Textures/T_BrushStrokes_A.uasset" 889
"E:/GitHub/TowerDefenseGame/Content/Environment/Textures/T_BrushStrokes_B.uasset" 890
"E:/GitHub/TowerDefenseGame/Content/Environment/Textures/T_Bumpy_N.uasset" 891
"E:/GitHub/TowerDefenseGame/Content/Environment/Textures/T_Rock_Cliff_D.uasset" 892
"E:/GitHub/TowerDefenseGame/Content/Environment/Textures/T_ShapeNormal.uasset" 893
"E:/GitHub/TowerDefenseGame/Content/Environment/Textures/T_Splotches_A.uasset" 894
"E:/GitHub/TowerDefenseGame/Content/Environment/Materials/M_Terrain_Ground_A.uasset" 895
"E:/GitHub/TowerDefenseGame/Content/Environment/Materials/M_Terrain_Ground_A_Inst.uasset" 896
"E:/GitHub/TowerDefenseGame/Content/Materials/PostProcess/BuildingOcclusion/PPM_TS_InkAndPaper_CustomDepth.uasset" 897
"E:/GitHub/TowerDefenseGame/Content/Materials/PostProcess/BuildingOcclusion/PPM_TS_InkAndPaper_CustomDepth_Inst.uasset" 898
"E:/GitHub/TowerDefenseGame/Content/Maps/Bastis_Level.umap" 899
"E:/GitHub/TowerDefenseGame/Content/Maps/EntryLevel.umap" 900
"E:/GitHub/TowerDefenseGame/Content/AI/EnemyAI/BatMan/Mesh/ManBat2_Pose1.uasset" 901
"E:/GitHub/TowerDefenseGame/Content/AI/EnemyAI/Eagle/Mesh/Eagle_Pose1.uasset" 902
"E:/GitHub/TowerDefenseGame/Content/AI/EnemyAI/Eagle/Mesh/Eagle_Pose2.uasset" 903
"E:/GitHub/TowerDefenseGame/Content/AI/EnemyAI/HedgehogBear/Mesh/HedgeHogBear_Pose1.uasset" 904
"E:/GitHub/TowerDefenseGame/Content/AI/EnemyAI/HedgehogBear/Mesh/HedgeHogBear_Pose2.uasset" 905
"E:/GitHub/TowerDefenseGame/Content/ProceduralNaturePack/Spline_BluePrints/data/Tree_Twist_Data.uasset" 906
"../../../Engine/Content/Functions/Engine_MaterialFunctions01/Coordinates/UVRemap_0-1_ToRange.uasset" 907
"../../../Engine/Content/Functions/Engine_MaterialFunctions02/ExampleContent/Textures/SphereRenderNormalsMap.uasset" 908
"../../../Engine/Content/Functions/Engine_MaterialFunctions02/WorldAlignedNormals_HighQuality.uasset" 909
"../../../Engine/Content/EngineMaterials/DefaultNormal_Uncompressed.uasset" 910
"../../../Engine/Content/Functions/Engine_MaterialFunctions01/Texturing/WorldAlignedNormal.uasset" 911
"../../../Engine/Content/Functions/Engine_MaterialFunctions02/Utility/BlendAngleCorrectedNormals.uasset" 912
"../../../Engine/Content/Functions/Engine_MaterialFunctions02/Utility/MakeFloat4.uasset" 913
"../../../Engine/Content/EngineMaterials/BlendFunc_DefBase.uasset" 914
"../../../Engine/Content/EngineMaterials/BlendFunc_DefBlend.uasset" 915
"../../../Engine/Content/Functions/Engine_MaterialFunctions03/Blends/Blend_Overlay.uasset" 916
"E:/GitHub/TowerDefenseGame/Content/ProceduralNaturePack/Materials/wind_function/wind_branches.uasset" 917
"E:/GitHub/TowerDefenseGame/Content/ProceduralNaturePack/Textures/clouds.uasset" 918
"E:/GitHub/TowerDefenseGame/Content/ProceduralNaturePack/Textures/moss_bsm.uasset" 919
"E:/GitHub/TowerDefenseGame/Content/ProceduralNaturePack/Textures/moss_nrm.uasset" 920
"E:/GitHub/TowerDefenseGame/Content/ProceduralNaturePack/Textures/moss_rgm.uasset" 921
"E:/GitHub/TowerDefenseGame/Content/ProceduralNaturePack/Textures/tree_bark_01_ao.uasset" 922
"E:/GitHub/TowerDefenseGame/Content/ProceduralNaturePack/Textures/tree_bark_01_bsm-1.uasset" 923
"E:/GitHub/TowerDefenseGame/Content/ProceduralNaturePack/Textures/tree_bark_01_nrm.uasset" 924
"E:/GitHub/TowerDefenseGame/Content/ProceduralNaturePack/Textures/tree_bark_01_plx.uasset" 925
"E:/GitHub/TowerDefenseGame/Content/ProceduralNaturePack/Textures/tree_bark_01_rgm.uasset" 926
"E:/GitHub/TowerDefenseGame/Content/ProceduralNaturePack/Materials/master_spline_material.uasset" 927
"E:/GitHub/TowerDefenseGame/Content/ProceduralNaturePack/Materials/wood/tree_branch_a_spline.uasset" 928
"E:/GitHub/TowerDefenseGame/Content/ProceduralNaturePack/Materials/wood/tree_branch_a_spline_distant_cheap.uasset" 929
"E:/GitHub/TowerDefenseGame/Content/ProceduralNaturePack/Textures/grass_alpha_bsm.uasset" 930
"E:/GitHub/TowerDefenseGame/Content/ProceduralNaturePack/Textures/grass_alpha_nrm.uasset" 931
"E:/GitHub/TowerDefenseGame/Content/ProceduralNaturePack/Textures/grass_alpha_rgm.uasset" 932
"E:/GitHub/TowerDefenseGame/Content/ProceduralNaturePack/Materials/master_foliage.uasset" 933
"E:/GitHub/TowerDefenseGame/Content/ProceduralNaturePack/Materials/grass/grass_a.uasset" 934
"E:/GitHub/TowerDefenseGame/Content/ProceduralNaturePack/Materials/grass/grass_a_cheap_distant.uasset" 935
"E:/GitHub/TowerDefenseGame/Content/ProceduralNaturePack/Meshes/grass/grass_small_01.uasset" 936
"E:/GitHub/TowerDefenseGame/Content/ProceduralNaturePack/Textures/leaves_banana_bsm.uasset" 937
"E:/GitHub/TowerDefenseGame/Content/ProceduralNaturePack/Textures/leaves_banana_nrm.uasset" 938
"E:/GitHub/TowerDefenseGame/Content/ProceduralNaturePack/Textures/leaves_banana_rgm.uasset" 939
"E:/GitHub/TowerDefenseGame/Content/ProceduralNaturePack/Materials/leaves/leaves_banana.uasset" 940
"E:/GitHub/TowerDefenseGame/Content/ProceduralNaturePack/Meshes/leaves/leaves_banana_02.uasset" 941
"E:/GitHub/TowerDefenseGame/Content/ProceduralNaturePack/Textures/leaves_tree_bsm.uasset" 942
"E:/GitHub/TowerDefenseGame/Content/ProceduralNaturePack/Textures/leaves_tree_nrm.uasset" 943
"E:/GitHub/TowerDefenseGame/Content/ProceduralNaturePack/Textures/leaves_tree_rgm.uasset" 944
"E:/GitHub/TowerDefenseGame/Content/ProceduralNaturePack/Materials/master_leaves.uasset" 945
"E:/GitHub/TowerDefenseGame/Content/ProceduralNaturePack/Materials/leaves/tree_leaves_01.uasset" 946
"E:/GitHub/TowerDefenseGame/Content/ProceduralNaturePack/Materials/leaves/tree_leaves_01_cheap_distant.uasset" 947
"E:/GitHub/TowerDefenseGame/Content/ProceduralNaturePack/Materials/wood/tree_branch_a.uasset" 948
"E:/GitHub/TowerDefenseGame/Content/ProceduralNaturePack/Meshes/leaves/leaves_tree_01.uasset" 949
"E:/GitHub/TowerDefenseGame/Content/ProceduralNaturePack/Meshes/leaves/leaves_vine_01.uasset" 950
"E:/GitHub/TowerDefenseGame/Content/ProceduralNaturePack/Meshes/leaves/leaves_vine_02.uasset" 951
"E:/GitHub/TowerDefenseGame/Content/ProceduralNaturePack/Meshes/leaves/leaves_vine_03.uasset" 952
"E:/GitHub/TowerDefenseGame/Content/ProceduralNaturePack/Meshes/leaves/leaves_vine_bare_branch_02.uasset" 953
"E:/GitHub/TowerDefenseGame/Content/ProceduralNaturePack/Meshes/vine_loop_segments/vine-large-a-end.uasset" 954
"E:/GitHub/TowerDefenseGame/Content/ProceduralNaturePack/Meshes/vine_loop_segments/vine-large-a-loop.uasset" 955
"E:/GitHub/TowerDefenseGame/Content/ProceduralNaturePack/Spline_BluePrints/master_vine_spline.uasset" 956
"E:/GitHub/TowerDefenseGame/Content/Mesh/Basti/Ruins/Meshes/ModularBuilding/Modular-City-Parts-1-test_Wall_Ground_Corner_Bevel_Small.uasset" 957
"E:/GitHub/TowerDefenseGame/Content/WorldBlueprints/Ruin_Master_MK2.uasset" 958
"E:/GitHub/TowerDefenseGame/Content/Mesh/Props/enviroment_rock_2.uasset" 959
"E:/GitHub/TowerDefenseGame/Content/Mesh/Props/Rubble1.uasset" 960
"E:/GitHub/TowerDefenseGame/Content/FX/Textures/MyNoise.uasset" 961
"E:/GitHub/TowerDefenseGame/Content/Materials/MyLandscape/MyLandscape/MyLandscape_Master.uasset" 962
"E:/GitHub/TowerDefenseGame/Content/Materials/MyLandscape/MyLandscape/MyLandscape_Master_Inst.uasset" 963
"E:/GitHub/TowerDefenseGame/Content/FX/Textures/T_Perlin_Noise_M.uasset" 964
"E:/GitHub/TowerDefenseGame/Content/KiteDemo/Environments/Atmospherics/T_Ice_Noise_N.uasset" 965
"E:/GitHub/TowerDefenseGame/Content/KiteDemo/Environments/Atmospherics/T_TilingNoise06_N.uasset" 966
"E:/GitHub/TowerDefenseGame/Content/KiteDemo/Environments/Foliage/Clover/T_Clover_01_D.uasset" 967
"E:/GitHub/TowerDefenseGame/Content/KiteDemo/Environments/Foliage/Clover/T_Clover_01_N.uasset" 968
"E:/GitHub/TowerDefenseGame/Content/KiteDemo/Environments/Foliage/Clover/M_Clover_01.uasset" 969
"E:/GitHub/TowerDefenseGame/Content/KiteDemo/Environments/Foliage/Clover/M_Clover_01_Inst.uasset" 970
"E:/GitHub/TowerDefenseGame/Content/KiteDemo/Environments/Foliage/Clover/SM_MERGED_SM_SM_Clover_01.uasset" 971
"E:/GitHub/TowerDefenseGame/Content/Mesh/Environment/Textures/Grass_A_A.uasset" 972
"E:/GitHub/TowerDefenseGame/Content/Mesh/Environment/Textures/Grass_A_C.uasset" 973
"E:/GitHub/TowerDefenseGame/Content/Mesh/Environment/Materials/-Leaf_Mat.uasset" 974
"E:/GitHub/TowerDefenseGame/Content/Mesh/Environment/Textures/Grass_A_N.uasset" 975
"E:/GitHub/TowerDefenseGame/Content/Mesh/Environment/Materials/GrassA_Inst2.uasset" 976
"E:/GitHub/TowerDefenseGame/Content/Mesh/Environment/Models/GrassA_mdl2.uasset" 977
"E:/GitHub/TowerDefenseGame/Content/Mesh/Props/Material.uasset" 978
"E:/GitHub/TowerDefenseGame/Content/Mesh/Props/Material_001.uasset" 979
"E:/GitHub/TowerDefenseGame/Content/Mesh/Props/enviroment_Cone.uasset" 980
"E:/GitHub/TowerDefenseGame/Content/Mesh/Props/enviroment_Plane.uasset" 981
"E:/GitHub/TowerDefenseGame/Content/Mesh/Props/enviroment_Plane_002.uasset" 982
"E:/GitHub/TowerDefenseGame/Content/Mesh/Props/enviroment_rock_3.uasset" 983
"E:/GitHub/TowerDefenseGame/Content/Mesh/Props/enviroment_rock_4.uasset" 984
"E:/GitHub/TowerDefenseGame/Content/Mesh/Props/enviroment_rock_5.uasset" 985
"E:/GitHub/TowerDefenseGame/Content/Mesh/Props/Red1.uasset" 986
"E:/GitHub/TowerDefenseGame/Content/Mesh/Props/enviroment_Shield_shield.uasset" 987
"E:/GitHub/TowerDefenseGame/Content/Mesh/Props/Red2.uasset" 988
"E:/GitHub/TowerDefenseGame/Content/Mesh/Props/enviroment_trafficlight.uasset" 989
"E:/GitHub/TowerDefenseGame/Content/Mesh/Props/enviroment_Tree_3.uasset" 990
"E:/GitHub/TowerDefenseGame/Content/Mesh/Props/enviroment_Tree_4.uasset" 991
"E:/GitHub/TowerDefenseGame/Content/Maps/EnvironmentTest.umap" 992
"E:/GitHub/TowerDefenseGame/Content/Maps/Finns_Level.umap" 993
"E:/GitHub/TowerDefenseGame/Content/WorldBlueprints/Ruin_Master.uasset" 994
"E:/GitHub/TowerDefenseGame/Content/Mesh/Basti/Ruins/Meshes/ModularBuilding/Modular-City-Parts-1-test_Wall_Pillar.uasset" 995
"E:/GitHub/TowerDefenseGame/Content/Mesh/Basti/Ruins/Meshes/ModularBuilding/Modular-City-Parts-1-test_Window_Pillar.uasset" 996
"E:/GitHub/TowerDefenseGame/Content/Maps/GunMechanics.umap" 997
"E:/GitHub/TowerDefenseGame/Content/Maps/Lewis_Map_sharedassets/Grass_LayerInfo.uasset" 998
"E:/GitHub/TowerDefenseGame/Content/Maps/Lewis_Map.umap" 999
"E:/GitHub/TowerDefenseGame/Content/Maps/Lewis_Map_Backup.umap" 1000
"E:/GitHub/TowerDefenseGame/Content/Maps/OptimisationTest.umap" 1001
"E:/GitHub/TowerDefenseGame/Content/Maps/SoundDesignReference.umap" 1002
"E:/GitHub/TowerDefenseGame/Content/AI/EnemyAI/Eagle/Animations/Eagle_FlyForwards.uasset" 1003
"E:/GitHub/TowerDefenseGame/Content/AI/EnemyAI/Eagle/Animations/Eagle_Hover.uasset" 1004
"E:/GitHub/TowerDefenseGame/Content/AI/EnemyAI/Eagle/Animations/Eagle_Idle.uasset" 1005
"E:/GitHub/TowerDefenseGame/Content/AI/EnemyAI/HedgehogBear/Animations/HB_biteAggressive.uasset" 1006
"E:/GitHub/TowerDefenseGame/Content/AI/EnemyAI/HedgehogBear/Animations/HB_deathAggressive.uasset" 1007
"E:/GitHub/TowerDefenseGame/Content/AI/EnemyAI/HedgehogBear/Animations/HB_deathNormal.uasset" 1008
"E:/GitHub/TowerDefenseGame/Content/AI/EnemyAI/HedgehogBear/Animations/HB_HitAggressive.uasset" 1009
"E:/GitHub/TowerDefenseGame/Content/AI/EnemyAI/HedgehogBear/Animations/HB_HitNormal.uasset" 1010
"E:/GitHub/TowerDefenseGame/Content/AI/EnemyAI/HedgehogBear/Animations/HB_idleBreathe.uasset" 1011
"E:/GitHub/TowerDefenseGame/Content/AI/EnemyAI/HedgehogBear/Animations/HB_idleLookAround.uasset" 1012
"E:/GitHub/TowerDefenseGame/Content/AI/EnemyAI/HedgehogBear/Animations/HB_jumpBiteAggressive.uasset" 1013
"E:/GitHub/TowerDefenseGame/Content/AI/EnemyAI/HedgehogBear/Animations/HB_jumpBiteAggressive_RM.uasset" 1014
"E:/GitHub/TowerDefenseGame/Content/AI/EnemyAI/HedgehogBear/Animations/HB_jumpBiteNormal.uasset" 1015
"E:/GitHub/TowerDefenseGame/Content/AI/EnemyAI/HedgehogBear/Animations/HB_jumpBiteNormal_RM.uasset" 1016
"E:/GitHub/TowerDefenseGame/Content/AI/EnemyAI/HedgehogBear/Animations/HB_Pose.uasset" 1017
"E:/GitHub/TowerDefenseGame/Content/AI/EnemyAI/HedgehogBear/Animations/HB_RollAttack.uasset" 1018
"E:/GitHub/TowerDefenseGame/Content/AI/EnemyAI/HedgehogBear/Animations/HB_run_RM.uasset" 1019
"E:/GitHub/TowerDefenseGame/Content/AI/EnemyAI/HedgehogBear/Animations/HB_runBite.uasset" 1020
"E:/GitHub/TowerDefenseGame/Content/AI/EnemyAI/HedgehogBear/Animations/HB_runBite_RM.uasset" 1021
"E:/GitHub/TowerDefenseGame/Content/Mesh/Basti/Ruins/Meshes/Beton.uasset" 1022
"E:/GitHub/TowerDefenseGame/Content/Mesh/Basti/Ruins/Meshes/Rost.uasset" 1023
"E:/GitHub/TowerDefenseGame/Content/Mesh/Basti/Ruins/Meshes/Ruins_Basti_Ruine0a_2.uasset" 1024
"E:/GitHub/TowerDefenseGame/Content/Mesh/Basti/Ruins/Meshes/Ruins_Basti_Ruine0a_R.uasset" 1025
"E:/GitHub/TowerDefenseGame/Content/Mesh/Basti/Ruins/Meshes/Ruins_Basti_Ruine0b_2.uasset" 1026
"E:/GitHub/TowerDefenseGame/Content/Mesh/Basti/Ruins/Meshes/Ruins_Basti_Ruine0b_R.uasset" 1027
"E:/GitHub/TowerDefenseGame/Content/Mesh/Basti/Ruins/Meshes/Ruins_Basti_Ruine0c_2.uasset" 1028
"E:/GitHub/TowerDefenseGame/Content/Mesh/Basti/Ruins/Meshes/Ruins_Basti_Ruine0c_R.uasset" 1029
"E:/GitHub/TowerDefenseGame/Content/Mesh/Basti/Ruins/Meshes/Ruins_Basti_Ruine0d_2.uasset" 1030
"E:/GitHub/TowerDefenseGame/Content/Mesh/Basti/Ruins/Meshes/Ruins_Basti_Ruine0d_R.uasset" 1031
"E:/GitHub/TowerDefenseGame/Content/Mesh/Basti/Ruins/Meshes/Ruins_Basti_Ruine1_2.uasset" 1032
"E:/GitHub/TowerDefenseGame/Content/Mesh/Basti/Ruins/Meshes/Ruins_Basti_Ruine1_R.uasset" 1033
"E:/GitHub/TowerDefenseGame/Content/Mesh/Basti/Ruins/Meshes/Ruins_Basti_Ruine2_2.uasset" 1034
"E:/GitHub/TowerDefenseGame/Content/Mesh/Basti/Ruins/Meshes/Ruins_Basti_Ruine2_R.uasset" 1035
"E:/GitHub/TowerDefenseGame/Content/Mesh/Basti/Ruins/Meshes/Ruins_Basti_Ruine3_2.uasset" 1036
"E:/GitHub/TowerDefenseGame/Content/Mesh/Basti/Ruins/Meshes/Ruins_Basti_Ruine3_R.uasset" 1037
"E:/GitHub/TowerDefenseGame/Content/Mesh/Basti/Ruins/Meshes/Ruins_Basti_Ruine4_2.uasset" 1038
"E:/GitHub/TowerDefenseGame/Content/Mesh/Basti/Ruins/Meshes/Ruins_Basti_Ruine4_R.uasset" 1039
"E:/GitHub/TowerDefenseGame/Content/Mesh/Basti/Ruins/Ruins_Basti_Enum.uasset" 1040
"E:/GitHub/TowerDefenseGame/Content/Mesh/Basti/Ruins/Ruin_BP.uasset" 1041
"E:/GitHub/TowerDefenseGame/Content/Materials/DevMaterials/MI_Dev_Mockup_Buildings.uasset" 1042
"E:/GitHub/TowerDefenseGame/Content/Materials/DevMaterials/MI_Dev_Mockup_Floor.uasset" 1043
"E:/GitHub/TowerDefenseGame/Content/Materials/Occlusion/MyNewOcclusion_Outlne.uasset" 1044
"E:/GitHub/TowerDefenseGame/Content/Audio/Reverbs/NewReverbEffect.uasset" 1045
"E:/GitHub/TowerDefenseGame/Content/Maps/TestMap.umap" 1046
"E:/GitHub/TowerDefenseGame/Content/MRT/Blueprints/BP_ApplyDecals.uasset" 1047
"../../../Engine/Content/EngineSky/C_Sky_Cloud_Color.uasset" 1048
"../../../Engine/Content/EngineSky/C_Sky_Horizon_Color.uasset" 1049
"../../../Engine/Content/EngineSky/C_Sky_Zenith_Color.uasset" 1050
"../../../Engine/Content/EngineSky/T_Sky_Blue.uasset" 1051
"../../../Engine/Content/EngineSky/T_Sky_Clouds_M.uasset" 1052
"../../../Engine/Content/EngineSky/T_Sky_Stars.uasset" 1053
"../../../Engine/Content/EngineSky/M_Sky_Panning_Clouds2.uasset" 1054
"../../../Engine/Content/EngineSky/SM_SkySphere.uasset" 1055
"../../../Engine/Content/EngineSky/BP_Sky_Sphere.uasset" 1056
"E:/GitHub/TowerDefenseGame/Content/MRT/Materials/Decals/M_Decal_ArrowLeft.uasset" 1057
"E:/GitHub/TowerDefenseGame/Content/MRT/Textures/Decals/T_Decal_ArrowRight.uasset" 1058
"E:/GitHub/TowerDefenseGame/Content/MRT/Materials/Decals/M_Decal_ArrowRight.uasset" 1059
"E:/GitHub/TowerDefenseGame/Content/MRT/Textures/Decals/T_Decal_Stop.uasset" 1060
"E:/GitHub/TowerDefenseGame/Content/MRT/Materials/Decals/M_Decal_Stop.uasset" 1061
"E:/GitHub/TowerDefenseGame/Content/MRT/Textures/Decals/T_Decal_StopSquare.uasset" 1062
"E:/GitHub/TowerDefenseGame/Content/MRT/Materials/Decals/M_Decal_StopSquare.uasset" 1063
"E:/GitHub/TowerDefenseGame/Content/MRT/Materials/MRT/Connections/3Way/M_Conn3Way_2L_Rain.uasset" 1064
"E:/GitHub/TowerDefenseGame/Content/MRT/Materials/MRT/Connections/4Way/M_Conn4Way_2L_Rain.uasset" 1065
"E:/GitHub/TowerDefenseGame/Content/MRT/Materials/MRT/Roads/LightPole/M_LightPole_Body_Rain.uasset" 1066
"E:/GitHub/TowerDefenseGame/Content/MRT/Materials/MRT/Roads/LightPole/M_LightPole_Light_BlueLight.uasset" 1067
"E:/GitHub/TowerDefenseGame/Content/MRT/Materials/MRT/Roads/Rails/M_Concrete_Panels_Rain.uasset" 1068
"E:/GitHub/TowerDefenseGame/Content/MRT/Materials/MRT/Roads/Road/M_MRT_2_Rain.uasset" 1069
"E:/GitHub/TowerDefenseGame/Content/MRT/Materials/MRT/Roads/SideWalk/M_RoadSide_Rain.uasset" 1070
"E:/GitHub/TowerDefenseGame/Content/MRT/Textures/Terrain/T_Grass.uasset" 1071
"E:/GitHub/TowerDefenseGame/Content/MRT/Textures/Terrain/T_Ground.uasset" 1072
"E:/GitHub/TowerDefenseGame/Content/MRT/Materials/Terrain/M_Terrain.uasset" 1073
"E:/GitHub/TowerDefenseGame/Content/MRT/Materials/Terrain/M_Terrain_Standard.uasset" 1074
"E:/GitHub/TowerDefenseGame/Content/MRT/Maps/LevelDemo_Rain.umap" 1075
"E:/GitHub/TowerDefenseGame/Content/MRT/Materials/MRT/Connections/3Way/M_Conn3Way_2L_Snow.uasset" 1076
"E:/GitHub/TowerDefenseGame/Content/MRT/Materials/MRT/Connections/4Way/M_Conn4Way_2L_Snow.uasset" 1077
"E:/GitHub/TowerDefenseGame/Content/MRT/Materials/MRT/Roads/LightPole/M_LightPole_Body_Snow.uasset" 1078
"E:/GitHub/TowerDefenseGame/Content/MRT/Materials/MRT/Roads/Rails/M_Concrete_Panels_Snow.uasset" 1079
"E:/GitHub/TowerDefenseGame/Content/MRT/Materials/MRT/Roads/Road/M_MRT_2_Snow.uasset" 1080
"E:/GitHub/TowerDefenseGame/Content/MRT/Materials/MRT/Roads/SideWalk/M_RoadSide_Snow.uasset" 1081
"E:/GitHub/TowerDefenseGame/Content/MRT/Materials/Terrain/M_Terrain_Snow.uasset" 1082
"E:/GitHub/TowerDefenseGame/Content/MRT/Maps/LevelDemo_Snow.umap" 1083
"E:/GitHub/TowerDefenseGame/Content/MRT/Maps/LevelDemo_Sunny.umap" 1084
"../../../Engine/Content/BasicShapes/BasicShapeMaterial.uasset" 1085
"../../../Engine/Content/MapTemplates/SM_Template_Map_Floor.uasset" 1086
"E:/GitHub/TowerDefenseGame/Content/UltraDynamicSky/Maps/DemoMap.umap" 1087
"../../../Engine/Content/Maps/Entry_BuiltData.uasset" 1088
"../../../Engine/Content/Maps/Entry.umap" 1089
